{"C:\\Users\\49176\\Desktop\\CityForMe\\client\\src\\App.vue": {"path":"C:\\Users\\49176\\Desktop\\CityForMe\\client\\src\\App.vue","statementMap":{"0":{"start":{"line":4,"column":29},"end":{"line":4,"column":148}},"1":{"start":{"line":5,"column":0},"end":{"line":7,"column":3}},"2":{"start":{"line":8,"column":0},"end":{"line":8,"column":25}},"3":{"start":{"line":25,"column":0},"end":{"line":25,"column":13}},"4":{"start":{"line":27,"column":0},"end":{"line":29,"column":3}},"5":{"start":{"line":30,"column":0},"end":{"line":30,"column":24}},"6":{"start":{"line":31,"column":11},"end":{"line":31,"column":25}},"7":{"start":{"line":33,"column":28},"end":{"line":33,"column":64}},"8":{"start":{"line":34,"column":33},"end":{"line":34,"column":74}},"9":{"start":{"line":35,"column":2},"end":{"line":35,"column":165}},"10":{"start":{"line":36,"column":2},"end":{"line":36,"column":49}}},"fnMap":{"0":{"name":"render","decl":{"start":{"line":32,"column":9},"end":{"line":32,"column":15}},"loc":{"start":{"line":32,"column":30},"end":{"line":36,"column":1}},"line":32}},"branchMap":{},"s":{"0":1,"1":1,"2":1,"3":1,"4":1,"5":1,"6":1,"7":2,"8":2,"9":2,"10":1},"f":{"0":2},"b":{},"inputSourceMap":{"0":"{","1":"\"","2":"v","3":"e","4":"r","5":"s","6":"i","7":"o","8":"n","9":"\"","10":":","11":"3","12":",","13":"\"","14":"s","15":"o","16":"u","17":"r","18":"c","19":"e","20":"s","21":"\"","22":":","23":"[","24":"\"","25":"C","26":":","27":"\\","28":"\\","29":"U","30":"s","31":"e","32":"r","33":"s","34":"\\","35":"\\","36":"4","37":"9","38":"1","39":"7","40":"6","41":"\\","42":"\\","43":"D","44":"e","45":"s","46":"k","47":"t","48":"o","49":"p","50":"\\","51":"\\","52":"C","53":"i","54":"t","55":"y","56":"F","57":"o","58":"r","59":"M","60":"e","61":"\\","62":"\\","63":"c","64":"l","65":"i","66":"e","67":"n","68":"t","69":"\\","70":"\\","71":"s","72":"r","73":"c","74":"\\","75":"\\","76":"A","77":"p","78":"p","79":".","80":"v","81":"u","82":"e","83":"\"","84":"]","85":",","86":"\"","87":"n","88":"a","89":"m","90":"e","91":"s","92":"\"","93":":","94":"[","95":"]","96":",","97":"\"","98":"m","99":"a","100":"p","101":"p","102":"i","103":"n","104":"g","105":"s","106":"\"","107":":","108":"\"","109":";","110":";","111":";","112":";","113":";","114":";","115":";","116":";","117":"A","118":"A","119":"Q","120":"A","121":";","122":"A","123":"A","124":"A","125":"A","126":";","127":"A","128":"A","129":"A","130":"A","131":";","132":"A","133":"A","134":"A","135":"4","136":"C","137":";","138":"A","139":"A","140":"A","141":"A","142":",","143":"e","144":"A","145":"C","146":"7","147":"B","148":";","149":"E","150":"A","151":"C","152":"b","153":",","154":"I","155":"A","156":"A","157":"I","158":",","159":"E","160":"A","161":"A","162":"E","163":",","164":"K","165":"A","166":"A","167":"K","168":";","169":"E","170":"A","171":"C","172":"X","173":",","174":"U","175":"A","176":"A","177":"U","178":",","179":"E","180":"A","181":"A","182":"E","183":";","184":"I","185":"A","186":"C","187":"V","188":",","189":"M","190":"A","191":"A","192":"M","193":";","194":"I","195":"A","196":"A","197":"N","198":";","199":"I","200":"A","201":"A","202":"A","203":";","204":"I","205":"A","206":"A","207":"A","208":";","209":"I","210":"A","211":"A","212":"A","213":";","214":"E","215":"A","216":"C","217":"F","218":";","219":"A","220":"A","221":"C","222":"F","223":",","224":"C","225":"A","226":"A","227":"C","228":";","229":"A","230":"A","231":"A","232":"A","233":";","234":"A","235":"A","236":"A","237":"A","238":"\"","239":",","240":"\"","241":"f","242":"i","243":"l","244":"e","245":"\"","246":":","247":"\"","248":"C","249":":","250":"\\","251":"\\","252":"U","253":"s","254":"e","255":"r","256":"s","257":"\\","258":"\\","259":"4","260":"9","261":"1","262":"7","263":"6","264":"\\","265":"\\","266":"D","267":"e","268":"s","269":"k","270":"t","271":"o","272":"p","273":"\\","274":"\\","275":"C","276":"i","277":"t","278":"y","279":"F","280":"o","281":"r","282":"M","283":"e","284":"\\","285":"\\","286":"c","287":"l","288":"i","289":"e","290":"n","291":"t","292":"\\","293":"\\","294":"s","295":"r","296":"c","297":"\\","298":"\\","299":"A","300":"p","301":"p","302":".","303":"v","304":"u","305":"e","306":"\"","307":",","308":"\"","309":"s","310":"o","311":"u","312":"r","313":"c","314":"e","315":"s","316":"C","317":"o","318":"n","319":"t","320":"e","321":"n","322":"t","323":"\"","324":":","325":"[","326":"\"","327":"<","328":"t","329":"e","330":"m","331":"p","332":"l","333":"a","334":"t","335":"e","336":">","337":"\\","338":"n","339":" ","340":" ","341":"<","342":"d","343":"i","344":"v","345":">","346":"\\","347":"n","348":" ","349":" ","350":" ","351":" ","352":"<","353":"N","354":"a","355":"v","356":"b","357":"a","358":"r","359":" ","360":"/","361":">","362":"\\","363":"n","364":" ","365":" ","366":" ","367":" ","368":"<","369":"r","370":"o","371":"u","372":"t","373":"e","374":"r","375":"-","376":"v","377":"i","378":"e","379":"w","380":"/","381":">","382":"\\","383":"n","384":" ","385":" ","386":"<","387":"/","388":"d","389":"i","390":"v","391":">","392":"\\","393":"n","394":"<","395":"/","396":"t","397":"e","398":"m","399":"p","400":"l","401":"a","402":"t","403":"e","404":">","405":"\\","406":"n","407":"\\","408":"n","409":"<","410":"s","411":"c","412":"r","413":"i","414":"p","415":"t","416":">","417":"\\","418":"n","419":"i","420":"m","421":"p","422":"o","423":"r","424":"t","425":" ","426":"N","427":"a","428":"v","429":"b","430":"a","431":"r","432":" ","433":"f","434":"r","435":"o","436":"m","437":" ","438":"'","439":"@","440":"/","441":"c","442":"o","443":"m","444":"p","445":"o","446":"n","447":"e","448":"n","449":"t","450":"s","451":"/","452":"N","453":"a","454":"v","455":"b","456":"a","457":"r","458":".","459":"v","460":"u","461":"e","462":"'","463":"\\","464":"n","465":"e","466":"x","467":"p","468":"o","469":"r","470":"t","471":" ","472":"d","473":"e","474":"f","475":"a","476":"u","477":"l","478":"t","479":" ","480":"{","481":"\\","482":"n","483":" ","484":" ","485":"n","486":"a","487":"m","488":"e","489":":","490":" ","491":"'","492":"A","493":"p","494":"p","495":"'","496":",","497":"\\","498":"n","499":" ","500":" ","501":"c","502":"o","503":"m","504":"p","505":"o","506":"n","507":"e","508":"n","509":"t","510":"s","511":":","512":" ","513":"{","514":"\\","515":"n","516":" ","517":" ","518":" ","519":" ","520":"N","521":"a","522":"v","523":"b","524":"a","525":"r","526":"\\","527":"n","528":" ","529":" ","530":"}","531":"\\","532":"n","533":"}","534":"\\","535":"n","536":"<","537":"/","538":"s","539":"c","540":"r","541":"i","542":"p","543":"t","544":">","545":"\\","546":"n","547":"\\","548":"n","549":"<","550":"s","551":"t","552":"y","553":"l","554":"e","555":" ","556":"l","557":"a","558":"n","559":"g","560":"=","561":"\\","562":"\"","563":"s","564":"c","565":"s","566":"s","567":"\\","568":"\"","569":">","570":"\\","571":"n","572":"*","573":" ","574":"{","575":"\\","576":"n","577":" ","578":" ","579":"f","580":"o","581":"n","582":"t","583":"-","584":"f","585":"a","586":"m","587":"i","588":"l","589":"y","590":":","591":" ","592":"A","593":"v","594":"e","595":"n","596":"i","597":"r","598":",","599":" ","600":"H","601":"e","602":"l","603":"v","604":"e","605":"t","606":"i","607":"c","608":"a","609":",","610":" ","611":"A","612":"r","613":"i","614":"a","615":"l","616":",","617":" ","618":"s","619":"a","620":"n","621":"s","622":"-","623":"s","624":"e","625":"r","626":"i","627":"f","628":";","629":"\\","630":"n","631":" ","632":" ","633":"p","634":"a","635":"d","636":"d","637":"i","638":"n","639":"g","640":":","641":" ","642":"0","643":";","644":"\\","645":"n","646":" ","647":" ","648":"m","649":"a","650":"r","651":"g","652":"i","653":"n","654":":","655":" ","656":"0","657":";","658":"\\","659":"n","660":" ","661":" ","662":"b","663":"o","664":"x","665":"-","666":"s","667":"i","668":"z","669":"i","670":"n","671":"g","672":":","673":" ","674":"b","675":"o","676":"r","677":"d","678":"e","679":"r","680":"-","681":"b","682":"o","683":"x","684":";","685":"\\","686":"n","687":"}","688":"\\","689":"n","690":"<","691":"/","692":"s","693":"t","694":"y","695":"l","696":"e","697":">","698":"\\","699":"n","700":"\"","701":"]","702":"}"},"_coverageSchema":"1a1c01bbd47fc00a2c39e90264f33305004495a9","hash":"9e83c18ffbccb0de2e8ca1284802bcbf8555131e"}
,"C:\\Users\\49176\\Desktop\\CityForMe\\client\\src\\CitiesService.js": {"path":"C:\\Users\\49176\\Desktop\\CityForMe\\client\\src\\CitiesService.js","statementMap":{"0":{"start":{"line":3,"column":12},"end":{"line":3,"column":47}},"1":{"start":{"line":8,"column":25},"end":{"line":8,"column":45}},"2":{"start":{"line":9,"column":8},"end":{"line":9,"column":28}},"3":{"start":{"line":13,"column":8},"end":{"line":13,"column":47}},"4":{"start":{"line":13,"column":29},"end":{"line":13,"column":47}},"5":{"start":{"line":14,"column":8},"end":{"line":14,"column":43}},"6":{"start":{"line":14,"column":27},"end":{"line":14,"column":43}},"7":{"start":{"line":15,"column":8},"end":{"line":15,"column":55}},"8":{"start":{"line":15,"column":34},"end":{"line":15,"column":55}},"9":{"start":{"line":16,"column":8},"end":{"line":16,"column":51}},"10":{"start":{"line":16,"column":32},"end":{"line":16,"column":51}},"11":{"start":{"line":18,"column":25},"end":{"line":18,"column":116}},"12":{"start":{"line":19,"column":8},"end":{"line":19,"column":28}}},"fnMap":{"0":{"name":"(anonymous_0)","decl":{"start":{"line":7,"column":4},"end":{"line":7,"column":5}},"loc":{"start":{"line":7,"column":29},"end":{"line":10,"column":5}},"line":7},"1":{"name":"(anonymous_1)","decl":{"start":{"line":12,"column":4},"end":{"line":12,"column":5}},"loc":{"start":{"line":12,"column":82},"end":{"line":20,"column":5}},"line":12}},"branchMap":{"0":{"loc":{"start":{"line":13,"column":8},"end":{"line":13,"column":47}},"type":"if","locations":[{"start":{"line":13,"column":8},"end":{"line":13,"column":47}},{"start":{},"end":{}}],"line":13},"1":{"loc":{"start":{"line":14,"column":8},"end":{"line":14,"column":43}},"type":"if","locations":[{"start":{"line":14,"column":8},"end":{"line":14,"column":43}},{"start":{},"end":{}}],"line":14},"2":{"loc":{"start":{"line":15,"column":8},"end":{"line":15,"column":55}},"type":"if","locations":[{"start":{"line":15,"column":8},"end":{"line":15,"column":55}},{"start":{},"end":{}}],"line":15},"3":{"loc":{"start":{"line":16,"column":8},"end":{"line":16,"column":51}},"type":"if","locations":[{"start":{"line":16,"column":8},"end":{"line":16,"column":51}},{"start":{},"end":{}}],"line":16}},"s":{"0":3,"1":4,"2":4,"3":0,"4":0,"5":0,"6":0,"7":0,"8":0,"9":0,"10":0,"11":0,"12":0},"f":{"0":4,"1":0},"b":{"0":[0,0],"1":[0,0],"2":[0,0],"3":[0,0]},"_coverageSchema":"1a1c01bbd47fc00a2c39e90264f33305004495a9","hash":"28788c1c42d66fe943e926f0f409ea60cc84d9a5"}
,"C:\\Users\\49176\\Desktop\\CityForMe\\client\\src\\assets\\Sydney.jpg": {"path":"C:\\Users\\49176\\Desktop\\CityForMe\\client\\src\\assets\\Sydney.jpg","statementMap":{"0":{"start":{"line":1,"column":0},"end":{"line":1,"column":19}}},"fnMap":{},"branchMap":{},"s":{"0":1},"f":{},"b":{},"_coverageSchema":"1a1c01bbd47fc00a2c39e90264f33305004495a9","hash":"5d1a8fc3586a723b3f3a257af36e2f88a3cdc554"}
,"C:\\Users\\49176\\Desktop\\CityForMe\\client\\src\\components\\Navbar.vue": {"path":"C:\\Users\\49176\\Desktop\\CityForMe\\client\\src\\components\\Navbar.vue","statementMap":{"0":{"start":{"line":3,"column":0},"end":{"line":5,"column":3}},"1":{"start":{"line":6,"column":0},"end":{"line":6,"column":24}},"2":{"start":{"line":7,"column":11},"end":{"line":7,"column":25}},"3":{"start":{"line":8,"column":32},"end":{"line":8,"column":1075}},"4":{"start":{"line":10,"column":33},"end":{"line":10,"column":74}},"5":{"start":{"line":11,"column":2},"end":{"line":23,"column":11}},"6":{"start":{"line":15,"column":37},"end":{"line":15,"column":72}},"7":{"start":{"line":21,"column":37},"end":{"line":21,"column":73}},"8":{"start":{"line":24,"column":2},"end":{"line":24,"column":49}}},"fnMap":{"0":{"name":"render","decl":{"start":{"line":9,"column":9},"end":{"line":9,"column":15}},"loc":{"start":{"line":9,"column":30},"end":{"line":24,"column":1}},"line":9},"1":{"name":"(anonymous_1)","decl":{"start":{"line":15,"column":31},"end":{"line":15,"column":32}},"loc":{"start":{"line":15,"column":37},"end":{"line":15,"column":72}},"line":15},"2":{"name":"(anonymous_2)","decl":{"start":{"line":21,"column":31},"end":{"line":21,"column":32}},"loc":{"start":{"line":21,"column":37},"end":{"line":21,"column":73}},"line":21}},"branchMap":{},"s":{"0":1,"1":1,"2":1,"3":1,"4":2,"5":2,"6":3,"7":3,"8":1},"f":{"0":2,"1":3,"2":3},"b":{},"inputSourceMap":{"0":"{","1":"\"","2":"v","3":"e","4":"r","5":"s","6":"i","7":"o","8":"n","9":"\"","10":":","11":"3","12":",","13":"\"","14":"s","15":"o","16":"u","17":"r","18":"c","19":"e","20":"s","21":"\"","22":":","23":"[","24":"]","25":",","26":"\"","27":"n","28":"a","29":"m","30":"e","31":"s","32":"\"","33":":","34":"[","35":"]","36":",","37":"\"","38":"m","39":"a","40":"p","41":"p","42":"i","43":"n","44":"g","45":"s","46":"\"","47":":","48":"\"","49":"\"","50":",","51":"\"","52":"f","53":"i","54":"l","55":"e","56":"\"","57":":","58":"\"","59":"C","60":":","61":"\\","62":"\\","63":"U","64":"s","65":"e","66":"r","67":"s","68":"\\","69":"\\","70":"4","71":"9","72":"1","73":"7","74":"6","75":"\\","76":"\\","77":"D","78":"e","79":"s","80":"k","81":"t","82":"o","83":"p","84":"\\","85":"\\","86":"C","87":"i","88":"t","89":"y","90":"F","91":"o","92":"r","93":"M","94":"e","95":"\\","96":"\\","97":"c","98":"l","99":"i","100":"e","101":"n","102":"t","103":"\\","104":"\\","105":"s","106":"r","107":"c","108":"\\","109":"\\","110":"c","111":"o","112":"m","113":"p","114":"o","115":"n","116":"e","117":"n","118":"t","119":"s","120":"\\","121":"\\","122":"N","123":"a","124":"v","125":"b","126":"a","127":"r","128":".","129":"v","130":"u","131":"e","132":"\"","133":"}"},"_coverageSchema":"1a1c01bbd47fc00a2c39e90264f33305004495a9","hash":"76fd461768817ba527835c0f373d4898e32fc3f6"}
,"C:\\Users\\49176\\Desktop\\CityForMe\\client\\src\\components\\CityCards\\CityCard.vue": {"path":"C:\\Users\\49176\\Desktop\\CityForMe\\client\\src\\components\\CityCards\\CityCard.vue","statementMap":{"0":{"start":{"line":4,"column":0},"end":{"line":6,"column":3}},"1":{"start":{"line":7,"column":0},"end":{"line":7,"column":25}},"2":{"start":{"line":8,"column":15},"end":{"line":13,"column":1}},"3":{"start":{"line":16,"column":0},"end":{"line":16,"column":13}},"4":{"start":{"line":18,"column":0},"end":{"line":20,"column":3}},"5":{"start":{"line":21,"column":0},"end":{"line":21,"column":24}},"6":{"start":{"line":22,"column":11},"end":{"line":22,"column":25}},"7":{"start":{"line":23,"column":19},"end":{"line":25,"column":1}},"8":{"start":{"line":26,"column":19},"end":{"line":28,"column":1}},"9":{"start":{"line":29,"column":19},"end":{"line":29,"column":26}},"10":{"start":{"line":30,"column":19},"end":{"line":32,"column":1}},"11":{"start":{"line":33,"column":32},"end":{"line":45,"column":24}},"12":{"start":{"line":46,"column":19},"end":{"line":48,"column":1}},"13":{"start":{"line":49,"column":19},"end":{"line":51,"column":1}},"14":{"start":{"line":52,"column":32},"end":{"line":54,"column":34}},"15":{"start":{"line":57,"column":2},"end":{"line":65,"column":37}},"16":{"start":{"line":61,"column":4},"end":{"line":64,"column":102}},"17":{"start":{"line":66,"column":2},"end":{"line":66,"column":49}}},"fnMap":{"0":{"name":"render","decl":{"start":{"line":56,"column":9},"end":{"line":56,"column":15}},"loc":{"start":{"line":56,"column":30},"end":{"line":66,"column":1}},"line":56},"1":{"name":"(anonymous_1)","decl":{"start":{"line":60,"column":806},"end":{"line":60,"column":807}},"loc":{"start":{"line":60,"column":818},"end":{"line":65,"column":3}},"line":60}},"branchMap":{},"s":{"0":3,"1":3,"2":3,"3":3,"4":3,"5":3,"6":3,"7":3,"8":3,"9":3,"10":3,"11":3,"12":3,"13":3,"14":3,"15":1,"16":3,"17":3},"f":{"0":1,"1":3},"b":{},"inputSourceMap":{"0":"{","1":"\"","2":"v","3":"e","4":"r","5":"s","6":"i","7":"o","8":"n","9":"\"","10":":","11":"3","12":",","13":"\"","14":"s","15":"o","16":"u","17":"r","18":"c","19":"e","20":"s","21":"\"","22":":","23":"[","24":"\"","25":"C","26":":","27":"\\","28":"\\","29":"U","30":"s","31":"e","32":"r","33":"s","34":"\\","35":"\\","36":"4","37":"9","38":"1","39":"7","40":"6","41":"\\","42":"\\","43":"D","44":"e","45":"s","46":"k","47":"t","48":"o","49":"p","50":"\\","51":"\\","52":"C","53":"i","54":"t","55":"y","56":"F","57":"o","58":"r","59":"M","60":"e","61":"\\","62":"\\","63":"c","64":"l","65":"i","66":"e","67":"n","68":"t","69":"\\","70":"\\","71":"s","72":"r","73":"c","74":"\\","75":"\\","76":"c","77":"o","78":"m","79":"p","80":"o","81":"n","82":"e","83":"n","84":"t","85":"s","86":"\\","87":"\\","88":"C","89":"i","90":"t","91":"y","92":"C","93":"a","94":"r","95":"d","96":"s","97":"\\","98":"\\","99":"C","100":"i","101":"t","102":"y","103":"C","104":"a","105":"r","106":"d","107":".","108":"v","109":"u","110":"e","111":"\"","112":"]","113":",","114":"\"","115":"n","116":"a","117":"m","118":"e","119":"s","120":"\"","121":":","122":"[","123":"]","124":",","125":"\"","126":"m","127":"a","128":"p","129":"p","130":"i","131":"n","132":"g","133":"s","134":"\"","135":":","136":"\"","137":";","138":";","139":";","140":";","141":";","142":";","143":";","144":"e","145":"A","146":"o","147":"B","148":"e","149":";","150":"E","151":"A","152":"C","153":"X","154":",","155":"I","156":"A","157":"A","158":"I","159":",","160":"E","161":"A","162":"A","163":"E","164":",","165":"U","166":"A","167":"A","168":"U","169":";","170":"E","171":"A","172":"C","173":"h","174":"B","175":",","176":"K","177":"A","178":"A","179":"K","180":",","181":"E","182":"A","183":"A","184":"E","185":";","186":"I","187":"A","188":"C","189":"H","190":",","191":"I","192":"A","193":"A","194":"I","195":",","196":"E","197":"A","198":"A","199":"E","200":";","201":"E","202":"A","203":"C","204":"V","205":";","206":"A","207":"A","208":"C","209":"J","210":",","211":"C","212":"A","213":"A","214":"C","215":";","216":"A","217":"A","218":"A","219":"A","220":";","221":"A","222":"A","223":"A","224":"A","225":"\"","226":",","227":"\"","228":"f","229":"i","230":"l","231":"e","232":"\"","233":":","234":"\"","235":"C","236":":","237":"\\","238":"\\","239":"U","240":"s","241":"e","242":"r","243":"s","244":"\\","245":"\\","246":"4","247":"9","248":"1","249":"7","250":"6","251":"\\","252":"\\","253":"D","254":"e","255":"s","256":"k","257":"t","258":"o","259":"p","260":"\\","261":"\\","262":"C","263":"i","264":"t","265":"y","266":"F","267":"o","268":"r","269":"M","270":"e","271":"\\","272":"\\","273":"c","274":"l","275":"i","276":"e","277":"n","278":"t","279":"\\","280":"\\","281":"s","282":"r","283":"c","284":"\\","285":"\\","286":"c","287":"o","288":"m","289":"p","290":"o","291":"n","292":"e","293":"n","294":"t","295":"s","296":"\\","297":"\\","298":"C","299":"i","300":"t","301":"y","302":"C","303":"a","304":"r","305":"d","306":"s","307":"\\","308":"\\","309":"C","310":"i","311":"t","312":"y","313":"C","314":"a","315":"r","316":"d","317":".","318":"v","319":"u","320":"e","321":"\"","322":",","323":"\"","324":"s","325":"o","326":"u","327":"r","328":"c","329":"e","330":"s","331":"C","332":"o","333":"n","334":"t","335":"e","336":"n","337":"t","338":"\"","339":":","340":"[","341":"\"","342":"<","343":"t","344":"e","345":"m","346":"p","347":"l","348":"a","349":"t","350":"e","351":">","352":"\\","353":"r","354":"\\","355":"n","356":" ","357":" ","358":" ","359":" ","360":"<","361":"d","362":"i","363":"v","364":" ","365":"c","366":"l","367":"a","368":"s","369":"s","370":"=","371":"\\","372":"\"","373":"c","374":"a","375":"r","376":"d","377":"\\","378":"\"","379":">","380":"\\","381":"r","382":"\\","383":"n","384":" ","385":" ","386":" ","387":" ","388":" ","389":" ","390":" ","391":" ","392":"<","393":"d","394":"i","395":"v","396":" ","397":"c","398":"l","399":"a","400":"s","401":"s","402":"=","403":"\\","404":"\"","405":"i","406":"m","407":"g","408":"-","409":"c","410":"o","411":"n","412":"t","413":"a","414":"i","415":"n","416":"e","417":"r","418":"\\","419":"\"","420":">","421":"\\","422":"r","423":"\\","424":"n","425":" ","426":" ","427":" ","428":" ","429":" ","430":" ","431":" ","432":" ","433":" ","434":" ","435":" ","436":" ","437":"<","438":"i","439":"m","440":"g","441":" ","442":":","443":"s","444":"r","445":"c","446":"=","447":"\\","448":"\"","449":"r","450":"e","451":"q","452":"u","453":"i","454":"r","455":"e","456":"(","457":"`","458":".","459":".","460":"/","461":".","462":".","463":"/","464":"a","465":"s","466":"s","467":"e","468":"t","469":"s","470":"/","471":"$","472":"{","473":"c","474":"i","475":"t","476":"y","477":".","478":"n","479":"a","480":"m","481":"e","482":"}","483":".","484":"j","485":"p","486":"g","487":"`","488":")","489":"\\","490":"\"","491":" ","492":"a","493":"l","494":"t","495":"=","496":"\\","497":"\"","498":"c","499":"i","500":"t","501":"y","502":"\\","503":"\"","504":">","505":"\\","506":"r","507":"\\","508":"n","509":" ","510":" ","511":" ","512":" ","513":" ","514":" ","515":" ","516":" ","517":"<","518":"/","519":"d","520":"i","521":"v","522":">","523":"\\","524":"r","525":"\\","526":"n","527":" ","528":" ","529":" ","530":" ","531":" ","532":" ","533":" ","534":" ","535":"<","536":"d","537":"i","538":"v","539":" ","540":"c","541":"l","542":"a","543":"s","544":"s","545":"=","546":"\\","547":"\"","548":"d","549":"e","550":"t","551":"a","552":"i","553":"l","554":"s","555":"\\","556":"\"","557":">","558":"\\","559":"r","560":"\\","561":"n","562":" ","563":" ","564":" ","565":" ","566":" ","567":" ","568":" ","569":" ","570":" ","571":" ","572":" ","573":" ","574":"<","575":"h","576":"3","577":">","578":"{","579":"{","580":"c","581":"i","582":"t","583":"y","584":".","585":"n","586":"a","587":"m","588":"e","589":"}","590":"}","591":"&","592":"n","593":"b","594":"s","595":"p","596":";","597":"<","598":"i","599":">","600":"{","601":"{","602":"c","603":"i","604":"t","605":"y","606":".","607":"n","608":"a","609":"m","610":"e","611":"_","612":"n","613":"a","614":"t","615":"i","616":"v","617":"e","618":"}","619":"}","620":"<","621":"/","622":"i","623":">","624":"<","625":"/","626":"h","627":"3","628":">","629":"\\","630":"r","631":"\\","632":"n","633":" ","634":" ","635":" ","636":" ","637":" ","638":" ","639":" ","640":" ","641":" ","642":" ","643":" ","644":" ","645":"<","646":"h","647":"3","648":">","649":"{","650":"{","651":"c","652":"i","653":"t","654":"y","655":".","656":"c","657":"o","658":"u","659":"n","660":"t","661":"r","662":"y","663":"}","664":"}","665":"<","666":"/","667":"h","668":"3","669":">","670":"\\","671":"r","672":"\\","673":"n","674":" ","675":" ","676":" ","677":" ","678":" ","679":" ","680":" ","681":" ","682":" ","683":" ","684":" ","685":" ","686":"<","687":"s","688":"v","689":"g","690":" ","691":"c","692":"o","693":"l","694":"o","695":"r","696":"=","697":"\\","698":"\"","699":"w","700":"h","701":"i","702":"t","703":"e","704":"\\","705":"\"","706":" ","707":"w","708":"i","709":"d","710":"t","711":"h","712":"=","713":"\\","714":"\"","715":"1","716":"7","717":"\\","718":"\"","719":" ","720":"h","721":"e","722":"i","723":"g","724":"h","725":"t","726":"=","727":"\\","728":"\"","729":"1","730":"7","731":"\\","732":"\"","733":" ","734":"v","735":"i","736":"e","737":"w","738":"B","739":"o","740":"x","741":"=","742":"\\","743":"\"","744":"0","745":" ","746":"0","747":" ","748":"1","749":"6","750":" ","751":"1","752":"6","753":"\\","754":"\"","755":">","756":"<","757":"g","758":" ","759":"f","760":"i","761":"l","762":"l","763":"=","764":"\\","765":"\"","766":"c","767":"u","768":"r","769":"r","770":"e","771":"n","772":"t","773":"C","774":"o","775":"l","776":"o","777":"r","778":"\\","779":"\"","780":">","781":"<","782":"p","783":"a","784":"t","785":"h","786":" ","787":"d","788":"=","789":"\\","790":"\"","791":"M","792":"1","793":"1","794":" ","795":"6","796":"a","797":"3","798":" ","799":"3","800":" ","801":"0","802":" ","803":"1","804":" ","805":"1","806":"-","807":"6","808":" ","809":"0","810":"a","811":"3","812":" ","813":"3","814":" ","815":"0","816":" ","817":"0","818":" ","819":"1","820":" ","821":"6","822":" ","823":"0","824":"z","825":"\\","826":"\"","827":"/","828":">","829":"<","830":"p","831":"a","832":"t","833":"h","834":" ","835":"f","836":"i","837":"l","838":"l","839":"-","840":"r","841":"u","842":"l","843":"e","844":"=","845":"\\","846":"\"","847":"e","848":"v","849":"e","850":"n","851":"o","852":"d","853":"d","854":"\\","855":"\"","856":" ","857":"d","858":"=","859":"\\","860":"\"","861":"M","862":"0","863":" ","864":"8","865":"a","866":"8","867":" ","868":"8","869":" ","870":"0","871":" ","872":"1","873":" ","874":"1","875":" ","876":"1","877":"6","878":" ","879":"0","880":"A","881":"8","882":" ","883":"8","884":" ","885":"0","886":" ","887":"0","888":" ","889":"1","890":" ","891":"0","892":" ","893":"8","894":"z","895":"m","896":"8","897":"-","898":"7","899":"a","900":"7","901":" ","902":"7","903":" ","904":"0","905":" ","906":"0","907":" ","908":"0","909":"-","910":"5","911":".","912":"4","913":"6","914":"8","915":" ","916":"1","917":"1","918":".","919":"3","920":"7","921":"C","922":"3","923":".","924":"2","925":"4","926":"2","927":" ","928":"1","929":"1","930":".","931":"2","932":"2","933":"6","934":" ","935":"4","936":".","937":"8","938":"0","939":"5","940":" ","941":"1","942":"0","943":" ","944":"8","945":" ","946":"1","947":"0","948":"s","949":"4","950":".","951":"7","952":"5","953":"7","954":" ","955":"1","956":".","957":"2","958":"2","959":"5","960":" ","961":"5","962":".","963":"4","964":"6","965":"8","966":" ","967":"2","968":".","969":"3","970":"7","971":"A","972":"7","973":" ","974":"7","975":" ","976":"0","977":" ","978":"0","979":" ","980":"0","981":" ","982":"8","983":" ","984":"1","985":"z","986":"\\","987":"\"","988":"/","989":">","990":"<","991":"/","992":"g","993":">","994":"<","995":"/","996":"s","997":"v","998":"g","999":">","1000":"\\","1001":"r","1002":"\\","1003":"n","1004":" ","1005":" ","1006":" ","1007":" ","1008":" ","1009":" ","1010":" ","1011":" ","1012":" ","1013":" ","1014":" ","1015":" ","1016":"<","1017":"p","1018":" ","1019":"i","1020":"d","1021":"=","1022":"\\","1023":"\"","1024":"p","1025":"o","1026":"p","1027":"u","1028":"l","1029":"a","1030":"t","1031":"i","1032":"o","1033":"n","1034":"\\","1035":"\"","1036":">","1037":"{","1038":"{","1039":"c","1040":"i","1041":"t","1042":"y","1043":".","1044":"p","1045":"o","1046":"p","1047":"u","1048":"l","1049":"a","1050":"t","1051":"i","1052":"o","1053":"n","1054":"}","1055":"}","1056":"<","1057":"/","1058":"p","1059":">","1060":"\\","1061":"r","1062":"\\","1063":"n","1064":" ","1065":" ","1066":" ","1067":" ","1068":" ","1069":" ","1070":" ","1071":" ","1072":" ","1073":" ","1074":" ","1075":" ","1076":"<","1077":"p","1078":" ","1079":"i","1080":"d","1081":"=","1082":"\\","1083":"\"","1084":"f","1085":"o","1086":"u","1087":"n","1088":"d","1089":"e","1090":"d","1091":"\\","1092":"\"","1093":">","1094":"F","1095":"o","1096":"u","1097":"n","1098":"d","1099":"e","1100":"d","1101":":","1102":" ","1103":"{","1104":"{","1105":"c","1106":"i","1107":"t","1108":"y","1109":".","1110":"f","1111":"o","1112":"u","1113":"n","1114":"d","1115":"e","1116":"d","1117":"}","1118":"}","1119":"<","1120":"/","1121":"p","1122":">","1123":"\\","1124":"r","1125":"\\","1126":"n","1127":" ","1128":" ","1129":" ","1130":" ","1131":" ","1132":" ","1133":" ","1134":" ","1135":" ","1136":" ","1137":" ","1138":" ","1139":"<","1140":"p","1141":" ","1142":"i","1143":"d","1144":"=","1145":"\\","1146":"\"","1147":"l","1148":"a","1149":"n","1150":"d","1151":"m","1152":"a","1153":"r","1154":"k","1155":"s","1156":"\\","1157":"\"","1158":">","1159":"L","1160":"a","1161":"n","1162":"d","1163":"m","1164":"a","1165":"r","1166":"k","1167":"s","1168":":","1169":"<","1170":"/","1171":"p","1172":">","1173":"\\","1174":"r","1175":"\\","1176":"n","1177":" ","1178":" ","1179":" ","1180":" ","1181":" ","1182":" ","1183":" ","1184":" ","1185":" ","1186":" ","1187":" ","1188":" ","1189":"<","1190":"u","1191":"l","1192":" ","1193":"i","1194":"d","1195":"=","1196":"\\","1197":"\"","1198":"l","1199":"a","1200":"n","1201":"d","1202":"m","1203":"a","1204":"r","1205":"k","1206":"\\","1207":"\"","1208":" ","1209":"v","1210":"-","1211":"f","1212":"o","1213":"r","1214":"=","1215":"\\","1216":"\"","1217":"l","1218":"a","1219":"n","1220":"d","1221":"m","1222":"a","1223":"r","1224":"k","1225":" ","1226":"i","1227":"n","1228":" ","1229":"c","1230":"i","1231":"t","1232":"y","1233":".","1234":"l","1235":"a","1236":"n","1237":"d","1238":"m","1239":"a","1240":"r","1241":"k","1242":"s","1243":"\\","1244":"\"","1245":" ","1246":":","1247":"k","1248":"e","1249":"y","1250":"=","1251":"\\","1252":"\"","1253":"l","1254":"a","1255":"n","1256":"d","1257":"m","1258":"a","1259":"r","1260":"k","1261":"\\","1262":"\"","1263":">","1264":"\\","1265":"r","1266":"\\","1267":"n","1268":" ","1269":" ","1270":" ","1271":" ","1272":" ","1273":" ","1274":" ","1275":" ","1276":" ","1277":" ","1278":" ","1279":" ","1280":" ","1281":" ","1282":" ","1283":" ","1284":"<","1285":"l","1286":"i","1287":">","1288":"{","1289":"{","1290":"l","1291":"a","1292":"n","1293":"d","1294":"m","1295":"a","1296":"r","1297":"k","1298":"}","1299":"}","1300":"<","1301":"/","1302":"l","1303":"i","1304":">","1305":"\\","1306":"r","1307":"\\","1308":"n","1309":" ","1310":" ","1311":" ","1312":" ","1313":" ","1314":" ","1315":" ","1316":" ","1317":" ","1318":" ","1319":" ","1320":" ","1321":"<","1322":"/","1323":"u","1324":"l","1325":">","1326":"\\","1327":"r","1328":"\\","1329":"n","1330":" ","1331":" ","1332":" ","1333":" ","1334":" ","1335":" ","1336":" ","1337":" ","1338":"<","1339":"/","1340":"d","1341":"i","1342":"v","1343":">","1344":"\\","1345":"r","1346":"\\","1347":"n","1348":" ","1349":" ","1350":" ","1351":" ","1352":"<","1353":"/","1354":"d","1355":"i","1356":"v","1357":">","1358":"\\","1359":"r","1360":"\\","1361":"n","1362":"<","1363":"/","1364":"t","1365":"e","1366":"m","1367":"p","1368":"l","1369":"a","1370":"t","1371":"e","1372":">","1373":"\\","1374":"r","1375":"\\","1376":"n","1377":"\\","1378":"r","1379":"\\","1380":"n","1381":"<","1382":"s","1383":"c","1384":"r","1385":"i","1386":"p","1387":"t","1388":">","1389":"\\","1390":"r","1391":"\\","1392":"n","1393":"e","1394":"x","1395":"p","1396":"o","1397":"r","1398":"t","1399":" ","1400":"d","1401":"e","1402":"f","1403":"a","1404":"u","1405":"l","1406":"t","1407":" ","1408":"{","1409":"\\","1410":"r","1411":"\\","1412":"n","1413":" ","1414":" ","1415":" ","1416":" ","1417":"n","1418":"a","1419":"m","1420":"e","1421":":","1422":" ","1423":"'","1424":"C","1425":"i","1426":"t","1427":"y","1428":"C","1429":"a","1430":"r","1431":"d","1432":"'","1433":",","1434":"\\","1435":"r","1436":"\\","1437":"n","1438":" ","1439":" ","1440":" ","1441":" ","1442":"p","1443":"r","1444":"o","1445":"p","1446":"s","1447":":","1448":" ","1449":"{","1450":"\\","1451":"r","1452":"\\","1453":"n","1454":" ","1455":" ","1456":" ","1457":" ","1458":" ","1459":" ","1460":" ","1461":" ","1462":"c","1463":"i","1464":"t","1465":"y","1466":":","1467":" ","1468":"O","1469":"b","1470":"j","1471":"e","1472":"c","1473":"t","1474":"\\","1475":"r","1476":"\\","1477":"n","1478":" ","1479":" ","1480":" ","1481":" ","1482":"}","1483":"\\","1484":"r","1485":"\\","1486":"n","1487":"}","1488":"\\","1489":"r","1490":"\\","1491":"n","1492":"<","1493":"/","1494":"s","1495":"c","1496":"r","1497":"i","1498":"p","1499":"t","1500":">","1501":"\\","1502":"r","1503":"\\","1504":"n","1505":"\\","1506":"r","1507":"\\","1508":"n","1509":"<","1510":"s","1511":"t","1512":"y","1513":"l","1514":"e","1515":" ","1516":"l","1517":"a","1518":"n","1519":"g","1520":"=","1521":"\\","1522":"\"","1523":"s","1524":"c","1525":"s","1526":"s","1527":"\\","1528":"\"","1529":" ","1530":"s","1531":"c","1532":"o","1533":"p","1534":"e","1535":"d","1536":">","1537":"\\","1538":"r","1539":"\\","1540":"n","1541":".","1542":"c","1543":"a","1544":"r","1545":"d","1546":" ","1547":"{","1548":"\\","1549":"r","1550":"\\","1551":"n","1552":" ","1553":" ","1554":" ","1555":" ","1556":"b","1557":"a","1558":"c","1559":"k","1560":"g","1561":"r","1562":"o","1563":"u","1564":"n","1565":"d","1566":"-","1567":"c","1568":"o","1569":"l","1570":"o","1571":"r","1572":":","1573":" ","1574":"#","1575":"1","1576":"c","1577":"1","1578":"b","1579":"2","1580":"9","1581":";","1582":"\\","1583":"r","1584":"\\","1585":"n","1586":" ","1587":" ","1588":" ","1589":" ","1590":"b","1591":"o","1592":"r","1593":"d","1594":"e","1595":"r","1596":"-","1597":"r","1598":"a","1599":"d","1600":"i","1601":"u","1602":"s","1603":":","1604":" ","1605":"2","1606":"0","1607":"p","1608":"x","1609":";","1610":"\\","1611":"r","1612":"\\","1613":"n","1614":" ","1615":" ","1616":" ","1617":" ","1618":"m","1619":"a","1620":"x","1621":"-","1622":"w","1623":"i","1624":"d","1625":"t","1626":"h","1627":":","1628":" ","1629":"6","1630":"0","1631":"0","1632":"p","1633":"x","1634":";","1635":"\\","1636":"r","1637":"\\","1638":"n","1639":" ","1640":" ","1641":" ","1642":" ","1643":"b","1644":"o","1645":"x","1646":"-","1647":"s","1648":"h","1649":"a","1650":"d","1651":"o","1652":"w","1653":":","1654":" ","1655":"0","1656":" ","1657":"0","1658":" ","1659":"3","1660":"0","1661":"p","1662":"x","1663":" ","1664":"r","1665":"g","1666":"b","1667":"a","1668":"(","1669":"0","1670":",","1671":"0","1672":",","1673":"0","1674":",","1675":"0","1676":".","1677":"1","1678":"8","1679":")","1680":";","1681":"\\","1682":"r","1683":"\\","1684":"n","1685":" ","1686":" ","1687":" ","1688":" ","1689":"t","1690":"r","1691":"a","1692":"n","1693":"s","1694":"i","1695":"t","1696":"i","1697":"o","1698":"n","1699":":","1700":" ","1701":"a","1702":"l","1703":"l","1704":" ","1705":"0","1706":".","1707":"3","1708":"s","1709":";","1710":" ","1711":"\\","1712":"r","1713":"\\","1714":"n","1715":" ","1716":" ","1717":" ","1718":" ","1719":"&","1720":":","1721":"h","1722":"o","1723":"v","1724":"e","1725":"r","1726":" ","1727":"{","1728":"\\","1729":"r","1730":"\\","1731":"n","1732":" ","1733":" ","1734":" ","1735":" ","1736":" ","1737":" ","1738":" ","1739":" ","1740":"t","1741":"r","1742":"a","1743":"n","1744":"s","1745":"f","1746":"o","1747":"r","1748":"m","1749":":","1750":" ","1751":"s","1752":"c","1753":"a","1754":"l","1755":"e","1756":"(","1757":"1","1758":".","1759":"1","1760":"0","1761":")","1762":";","1763":"\\","1764":"r","1765":"\\","1766":"n","1767":" ","1768":" ","1769":" ","1770":" ","1771":"}","1772":"\\","1773":"r","1774":"\\","1775":"n","1776":" ","1777":" ","1778":" ","1779":" ","1780":".","1781":"i","1782":"m","1783":"g","1784":"-","1785":"c","1786":"o","1787":"n","1788":"t","1789":"a","1790":"i","1791":"n","1792":"e","1793":"r","1794":" ","1795":"{","1796":"\\","1797":"r","1798":"\\","1799":"n","1800":" ","1801":" ","1802":" ","1803":" ","1804":" ","1805":" ","1806":" ","1807":" ","1808":"p","1809":"o","1810":"s","1811":"i","1812":"t","1813":"i","1814":"o","1815":"n","1816":":","1817":" ","1818":"r","1819":"e","1820":"l","1821":"a","1822":"t","1823":"i","1824":"v","1825":"e","1826":";","1827":"\\","1828":"r","1829":"\\","1830":"n","1831":" ","1832":" ","1833":" ","1834":" ","1835":" ","1836":" ","1837":" ","1838":" ","1839":"c","1840":"l","1841":"i","1842":"p","1843":"-","1844":"p","1845":"a","1846":"t","1847":"h","1848":":","1849":" ","1850":"p","1851":"o","1852":"l","1853":"y","1854":"g","1855":"o","1856":"n","1857":"(","1858":"0","1859":" ","1860":"0","1861":",","1862":"1","1863":"0","1864":"0","1865":"%","1866":" ","1867":"0","1868":",","1869":"1","1870":"0","1871":"0","1872":"%","1873":" ","1874":"8","1875":"5","1876":"%","1877":",","1878":" ","1879":"0","1880":" ","1881":"1","1882":"0","1883":"0","1884":"%","1885":")","1886":";","1887":"\\","1888":"r","1889":"\\","1890":"n","1891":" ","1892":" ","1893":" ","1894":" ","1895":" ","1896":" ","1897":" ","1898":" ","1899":"i","1900":"m","1901":"g","1902":" ","1903":"{","1904":"\\","1905":"r","1906":"\\","1907":"n","1908":" ","1909":" ","1910":" ","1911":" ","1912":" ","1913":" ","1914":" ","1915":" ","1916":" ","1917":" ","1918":" ","1919":" ","1920":" ","1921":" ","1922":" ","1923":" ","1924":"w","1925":"i","1926":"d","1927":"t","1928":"h","1929":":","1930":" ","1931":"1","1932":"0","1933":"0","1934":"%","1935":";","1936":"\\","1937":"r","1938":"\\","1939":"n","1940":" ","1941":" ","1942":" ","1943":" ","1944":" ","1945":" ","1946":" ","1947":" ","1948":" ","1949":" ","1950":" ","1951":" ","1952":" ","1953":" ","1954":" ","1955":" ","1956":"h","1957":"e","1958":"i","1959":"g","1960":"h","1961":"t","1962":":","1963":" ","1964":"4","1965":"0","1966":"v","1967":"h","1968":";","1969":"\\","1970":"r","1971":"\\","1972":"n","1973":" ","1974":" ","1975":" ","1976":" ","1977":" ","1978":" ","1979":" ","1980":" ","1981":" ","1982":" ","1983":" ","1984":" ","1985":" ","1986":" ","1987":" ","1988":" ","1989":"d","1990":"i","1991":"s","1992":"p","1993":"l","1994":"a","1995":"y","1996":":","1997":" ","1998":"b","1999":"l","2000":"o","2001":"c","2002":"k","2003":";","2004":" ","2005":"\\","2006":"r","2007":"\\","2008":"n","2009":" ","2010":" ","2011":" ","2012":" ","2013":" ","2014":" ","2015":" ","2016":" ","2017":" ","2018":" ","2019":" ","2020":" ","2021":" ","2022":" ","2023":" ","2024":" ","2025":"b","2026":"o","2027":"r","2028":"d","2029":"e","2030":"r","2031":"-","2032":"r","2033":"a","2034":"d","2035":"i","2036":"u","2037":"s","2038":":","2039":" ","2040":"2","2041":"0","2042":"p","2043":"x","2044":" ","2045":"2","2046":"0","2047":"p","2048":"x","2049":" ","2050":"0","2051":" ","2052":"0","2053":";","2054":"\\","2055":"r","2056":"\\","2057":"n","2058":" ","2059":" ","2060":" ","2061":" ","2062":" ","2063":" ","2064":" ","2065":" ","2066":" ","2067":" ","2068":" ","2069":" ","2070":"}","2071":"\\","2072":"r","2073":"\\","2074":"n","2075":" ","2076":" ","2077":" ","2078":" ","2079":"}","2080":"\\","2081":"r","2082":"\\","2083":"n","2084":" ","2085":" ","2086":" ","2087":" ","2088":".","2089":"d","2090":"e","2091":"t","2092":"a","2093":"i","2094":"l","2095":"s","2096":" ","2097":"{","2098":"\\","2099":"r","2100":"\\","2101":"n","2102":" ","2103":" ","2104":" ","2105":" ","2106":" ","2107":" ","2108":" ","2109":" ","2110":"p","2111":"a","2112":"d","2113":"d","2114":"i","2115":"n","2116":"g","2117":":","2118":" ","2119":"2","2120":"0","2121":"p","2122":"x","2123":" ","2124":"1","2125":"0","2126":"p","2127":"x","2128":";","2129":"\\","2130":"r","2131":"\\","2132":"n","2133":" ","2134":" ","2135":" ","2136":" ","2137":" ","2138":" ","2139":" ","2140":" ","2141":"p","2142":" ","2143":"{","2144":"\\","2145":"r","2146":"\\","2147":"n","2148":" ","2149":" ","2150":" ","2151":" ","2152":" ","2153":" ","2154":" ","2155":" ","2156":" ","2157":" ","2158":" ","2159":" ","2160":"c","2161":"o","2162":"l","2163":"o","2164":"r","2165":":","2166":" ","2167":"#","2168":"f","2169":"f","2170":"f","2171":"f","2172":"f","2173":"f","2174":";","2175":"\\","2176":"r","2177":"\\","2178":"n","2179":" ","2180":" ","2181":" ","2182":" ","2183":" ","2184":" ","2185":" ","2186":" ","2187":" ","2188":" ","2189":" ","2190":" ","2191":"m","2192":"a","2193":"r","2194":"g","2195":"i","2196":"n","2197":":","2198":" ","2199":"3","2200":"p","2201":"x","2202":" ","2203":"0","2204":" ","2205":"3","2206":"p","2207":"x","2208":" ","2209":"0","2210":";","2211":"\\","2212":"r","2213":"\\","2214":"n","2215":" ","2216":" ","2217":" ","2218":" ","2219":" ","2220":" ","2221":" ","2222":" ","2223":"}","2224":"\\","2225":"r","2226":"\\","2227":"n","2228":" ","2229":" ","2230":" ","2231":" ","2232":" ","2233":" ","2234":" ","2235":" ","2236":"h","2237":"3","2238":" ","2239":"{","2240":"\\","2241":"r","2242":"\\","2243":"n","2244":" ","2245":" ","2246":" ","2247":" ","2248":" ","2249":" ","2250":" ","2251":" ","2252":" ","2253":" ","2254":" ","2255":" ","2256":"c","2257":"o","2258":"l","2259":"o","2260":"r","2261":":","2262":" ","2263":"#","2264":"f","2265":"f","2266":"f","2267":"f","2268":"f","2269":"f","2270":";","2271":"\\","2272":"r","2273":"\\","2274":"n","2275":" ","2276":" ","2277":" ","2278":" ","2279":" ","2280":" ","2281":" ","2282":" ","2283":" ","2284":" ","2285":" ","2286":" ","2287":"f","2288":"o","2289":"n","2290":"t","2291":"-","2292":"w","2293":"e","2294":"i","2295":"g","2296":"h","2297":"t","2298":":","2299":" ","2300":"6","2301":"0","2302":"0","2303":";","2304":"\\","2305":"r","2306":"\\","2307":"n","2308":" ","2309":" ","2310":" ","2311":" ","2312":" ","2313":" ","2314":" ","2315":" ","2316":" ","2317":" ","2318":" ","2319":" ","2320":"f","2321":"o","2322":"n","2323":"t","2324":"-","2325":"s","2326":"i","2327":"z","2328":"e","2329":":","2330":" ","2331":"1","2332":"8","2333":"p","2334":"x","2335":";","2336":"\\","2337":"r","2338":"\\","2339":"n","2340":" ","2341":" ","2342":" ","2343":" ","2344":" ","2345":" ","2346":" ","2347":" ","2348":" ","2349":" ","2350":" ","2351":" ","2352":"m","2353":"a","2354":"r","2355":"g","2356":"i","2357":"n","2358":"-","2359":"b","2360":"o","2361":"t","2362":"t","2363":"o","2364":"m","2365":":","2366":" ","2367":"3","2368":"p","2369":"x","2370":";","2371":"\\","2372":"r","2373":"\\","2374":"n","2375":" ","2376":" ","2377":" ","2378":" ","2379":" ","2380":" ","2381":" ","2382":" ","2383":" ","2384":" ","2385":" ","2386":" ","2387":"i","2388":" ","2389":"{","2390":"\\","2391":"r","2392":"\\","2393":"n","2394":" ","2395":" ","2396":" ","2397":" ","2398":" ","2399":" ","2400":" ","2401":" ","2402":" ","2403":" ","2404":" ","2405":" ","2406":" ","2407":" ","2408":" ","2409":" ","2410":"f","2411":"o","2412":"n","2413":"t","2414":"-","2415":"w","2416":"e","2417":"i","2418":"g","2419":"h","2420":"t","2421":":","2422":" ","2423":"4","2424":"0","2425":"0","2426":";","2427":"\\","2428":"r","2429":"\\","2430":"n","2431":" ","2432":" ","2433":" ","2434":" ","2435":" ","2436":" ","2437":" ","2438":" ","2439":" ","2440":" ","2441":" ","2442":" ","2443":" ","2444":" ","2445":" ","2446":" ","2447":"f","2448":"o","2449":"n","2450":"t","2451":"-","2452":"s","2453":"i","2454":"z","2455":"e","2456":":","2457":" ","2458":"1","2459":"5","2460":"p","2461":"x","2462":"\\","2463":"r","2464":"\\","2465":"n","2466":" ","2467":" ","2468":" ","2469":" ","2470":" ","2471":" ","2472":" ","2473":" ","2474":" ","2475":" ","2476":" ","2477":" ","2478":"}","2479":"\\","2480":"r","2481":"\\","2482":"n","2483":" ","2484":" ","2485":" ","2486":" ","2487":" ","2488":" ","2489":" ","2490":" ","2491":" ","2492":" ","2493":" ","2494":" ","2495":"&","2496":":","2497":"n","2498":"t","2499":"h","2500":"-","2501":"c","2502":"h","2503":"i","2504":"l","2505":"d","2506":"(","2507":"2","2508":")","2509":" ","2510":"{","2511":"\\","2512":"r","2513":"\\","2514":"n","2515":" ","2516":" ","2517":" ","2518":" ","2519":" ","2520":" ","2521":" ","2522":" ","2523":" ","2524":" ","2525":" ","2526":" ","2527":" ","2528":" ","2529":" ","2530":" ","2531":"f","2532":"o","2533":"n","2534":"t","2535":"-","2536":"w","2537":"e","2538":"i","2539":"g","2540":"h","2541":"t","2542":":","2543":" ","2544":"5","2545":"0","2546":"0","2547":";","2548":"\\","2549":"r","2550":"\\","2551":"n","2552":" ","2553":" ","2554":" ","2555":" ","2556":" ","2557":" ","2558":" ","2559":" ","2560":" ","2561":" ","2562":" ","2563":" ","2564":"}","2565":"\\","2566":"r","2567":"\\","2568":"n","2569":" ","2570":" ","2571":" ","2572":" ","2573":" ","2574":" ","2575":" ","2576":" ","2577":"}","2578":"\\","2579":"r","2580":"\\","2581":"n","2582":" ","2583":" ","2584":" ","2585":" ","2586":" ","2587":" ","2588":" ","2589":" ","2590":"#","2591":"p","2592":"o","2593":"p","2594":"u","2595":"l","2596":"a","2597":"t","2598":"i","2599":"o","2600":"n","2601":" ","2602":"{","2603":"\\","2604":"r","2605":"\\","2606":"n","2607":" ","2608":" ","2609":" ","2610":" ","2611":" ","2612":" ","2613":" ","2614":" ","2615":" ","2616":" ","2617":" ","2618":" ","2619":"d","2620":"i","2621":"s","2622":"p","2623":"l","2624":"a","2625":"y","2626":":","2627":" ","2628":"i","2629":"n","2630":"l","2631":"i","2632":"n","2633":"e","2634":"-","2635":"b","2636":"l","2637":"o","2638":"c","2639":"k","2640":";","2641":"\\","2642":"r","2643":"\\","2644":"n","2645":" ","2646":" ","2647":" ","2648":" ","2649":" ","2650":" ","2651":" ","2652":" ","2653":" ","2654":" ","2655":" ","2656":" ","2657":"p","2658":"o","2659":"s","2660":"i","2661":"t","2662":"i","2663":"o","2664":"n","2665":":","2666":" ","2667":"r","2668":"e","2669":"l","2670":"a","2671":"t","2672":"i","2673":"v","2674":"e","2675":";","2676":"\\","2677":"r","2678":"\\","2679":"n","2680":" ","2681":" ","2682":" ","2683":" ","2684":" ","2685":" ","2686":" ","2687":" ","2688":" ","2689":" ","2690":" ","2691":" ","2692":"t","2693":"o","2694":"p","2695":":","2696":" ","2697":"-","2698":"2","2699":"p","2700":"x","2701":";","2702":"\\","2703":"r","2704":"\\","2705":"n","2706":" ","2707":" ","2708":" ","2709":" ","2710":" ","2711":" ","2712":" ","2713":" ","2714":" ","2715":" ","2716":" ","2717":" ","2718":"l","2719":"e","2720":"f","2721":"t","2722":":","2723":" ","2724":"5","2725":"p","2726":"x","2727":";","2728":"\\","2729":"r","2730":"\\","2731":"n","2732":" ","2733":" ","2734":" ","2735":" ","2736":" ","2737":" ","2738":" ","2739":" ","2740":"}","2741":"\\","2742":"r","2743":"\\","2744":"n","2745":" ","2746":" ","2747":" ","2748":" ","2749":" ","2750":" ","2751":" ","2752":" ","2753":"#","2754":"d","2755":"e","2756":"s","2757":"c","2758":"r","2759":"i","2760":"p","2761":"t","2762":"i","2763":"o","2764":"n","2765":" ","2766":"{","2767":"\\","2768":"r","2769":"\\","2770":"n","2771":" ","2772":" ","2773":" ","2774":" ","2775":" ","2776":" ","2777":" ","2778":" ","2779":" ","2780":" ","2781":" ","2782":" ","2783":"c","2784":"o","2785":"l","2786":"o","2787":"r","2788":":","2789":" ","2790":"#","2791":"a","2792":"0","2793":"a","2794":"0","2795":"a","2796":"0","2797":";","2798":"\\","2799":"r","2800":"\\","2801":"n","2802":" ","2803":" ","2804":" ","2805":" ","2806":" ","2807":" ","2808":" ","2809":" ","2810":" ","2811":" ","2812":" ","2813":" ","2814":"f","2815":"o","2816":"n","2817":"t","2818":"-","2819":"s","2820":"i","2821":"z","2822":"e","2823":":","2824":" ","2825":"1","2826":"5","2827":"p","2828":"x","2829":";","2830":"\\","2831":"r","2832":"\\","2833":"n","2834":" ","2835":" ","2836":" ","2837":" ","2838":" ","2839":" ","2840":" ","2841":" ","2842":" ","2843":" ","2844":" ","2845":" ","2846":"f","2847":"o","2848":"n","2849":"t","2850":"-","2851":"w","2852":"e","2853":"i","2854":"g","2855":"h","2856":"t","2857":":","2858":" ","2859":"4","2860":"0","2861":"0","2862":";","2863":"\\","2864":"r","2865":"\\","2866":"n","2867":" ","2868":" ","2869":" ","2870":" ","2871":" ","2872":" ","2873":" ","2874":" ","2875":" ","2876":" ","2877":" ","2878":" ","2879":"m","2880":"a","2881":"r","2882":"g","2883":"i","2884":"n","2885":"-","2886":"t","2887":"o","2888":"p","2889":":","2890":" ","2891":"5","2892":"p","2893":"x","2894":";","2895":"\\","2896":"r","2897":"\\","2898":"n","2899":" ","2900":" ","2901":" ","2902":" ","2903":" ","2904":" ","2905":" ","2906":" ","2907":"}","2908":"\\","2909":"r","2910":"\\","2911":"n","2912":" ","2913":" ","2914":" ","2915":" ","2916":" ","2917":" ","2918":" ","2919":" ","2920":"#","2921":"l","2922":"a","2923":"n","2924":"d","2925":"m","2926":"a","2927":"r","2928":"k","2929":" ","2930":"{","2931":"\\","2932":"r","2933":"\\","2934":"n","2935":" ","2936":" ","2937":" ","2938":" ","2939":" ","2940":" ","2941":" ","2942":" ","2943":" ","2944":" ","2945":" ","2946":" ","2947":"c","2948":"o","2949":"l","2950":"o","2951":"r","2952":":","2953":" ","2954":"#","2955":"f","2956":"f","2957":"f","2958":"f","2959":"f","2960":"f","2961":";","2962":"\\","2963":"r","2964":"\\","2965":"n","2966":" ","2967":" ","2968":" ","2969":" ","2970":" ","2971":" ","2972":" ","2973":" ","2974":" ","2975":" ","2976":" ","2977":" ","2978":"p","2979":"o","2980":"s","2981":"i","2982":"t","2983":"i","2984":"o","2985":"n","2986":":","2987":" ","2988":"r","2989":"e","2990":"l","2991":"a","2992":"t","2993":"i","2994":"v","2995":"e","2996":";","2997":"\\","2998":"r","2999":"\\","3000":"n","3001":" ","3002":" ","3003":" ","3004":" ","3005":" ","3006":" ","3007":" ","3008":" ","3009":" ","3010":" ","3011":" ","3012":" ","3013":"l","3014":"e","3015":"f","3016":"t","3017":":","3018":" ","3019":"1","3020":"1","3021":"0","3022":"p","3023":"x","3024":";","3025":"\\","3026":"r","3027":"\\","3028":"n","3029":" ","3030":" ","3031":" ","3032":" ","3033":" ","3034":" ","3035":" ","3036":" ","3037":" ","3038":" ","3039":" ","3040":" ","3041":"b","3042":"o","3043":"t","3044":"t","3045":"o","3046":"m","3047":":","3048":" ","3049":"2","3050":"1","3051":"p","3052":"x","3053":";","3054":"\\","3055":"r","3056":"\\","3057":"n","3058":" ","3059":" ","3060":" ","3061":" ","3062":" ","3063":" ","3064":" ","3065":" ","3066":"}","3067":"\\","3068":"r","3069":"\\","3070":"n","3071":" ","3072":" ","3073":" ","3074":" ","3075":"}","3076":"\\","3077":"r","3078":"\\","3079":"n","3080":"}","3081":"\\","3082":"r","3083":"\\","3084":"n","3085":"\\","3086":"r","3087":"\\","3088":"n","3089":"<","3090":"/","3091":"s","3092":"t","3093":"y","3094":"l","3095":"e","3096":">","3097":"\"","3098":"]","3099":"}"},"_coverageSchema":"1a1c01bbd47fc00a2c39e90264f33305004495a9","hash":"79c65d4076c94ad8d342731c3efc06b15e48282d"}
,"C:\\Users\\49176\\Desktop\\CityForMe\\client\\src\\components\\CityCards\\CityCards.vue": {"path":"C:\\Users\\49176\\Desktop\\CityForMe\\client\\src\\components\\CityCards\\CityCards.vue","statementMap":{"0":{"start":{"line":4,"column":29},"end":{"line":4,"column":148}},"1":{"start":{"line":5,"column":0},"end":{"line":7,"column":3}},"2":{"start":{"line":8,"column":0},"end":{"line":8,"column":25}},"3":{"start":{"line":28,"column":0},"end":{"line":28,"column":13}},"4":{"start":{"line":30,"column":0},"end":{"line":32,"column":3}},"5":{"start":{"line":33,"column":0},"end":{"line":33,"column":24}},"6":{"start":{"line":34,"column":11},"end":{"line":34,"column":25}},"7":{"start":{"line":35,"column":19},"end":{"line":37,"column":1}},"8":{"start":{"line":39,"column":30},"end":{"line":39,"column":68}},"9":{"start":{"line":40,"column":2},"end":{"line":46,"column":35}},"10":{"start":{"line":41,"column":4},"end":{"line":45,"column":40}},"11":{"start":{"line":47,"column":2},"end":{"line":47,"column":49}}},"fnMap":{"0":{"name":"render","decl":{"start":{"line":38,"column":9},"end":{"line":38,"column":15}},"loc":{"start":{"line":38,"column":30},"end":{"line":47,"column":1}},"line":38},"1":{"name":"(anonymous_1)","decl":{"start":{"line":40,"column":193},"end":{"line":40,"column":194}},"loc":{"start":{"line":40,"column":201},"end":{"line":46,"column":3}},"line":40}},"branchMap":{},"s":{"0":2,"1":2,"2":2,"3":2,"4":2,"5":2,"6":2,"7":2,"8":6,"9":6,"10":0,"11":2},"f":{"0":6,"1":0},"b":{},"inputSourceMap":{"0":"{","1":"\"","2":"v","3":"e","4":"r","5":"s","6":"i","7":"o","8":"n","9":"\"","10":":","11":"3","12":",","13":"\"","14":"s","15":"o","16":"u","17":"r","18":"c","19":"e","20":"s","21":"\"","22":":","23":"[","24":"\"","25":"C","26":":","27":"\\","28":"\\","29":"U","30":"s","31":"e","32":"r","33":"s","34":"\\","35":"\\","36":"4","37":"9","38":"1","39":"7","40":"6","41":"\\","42":"\\","43":"D","44":"e","45":"s","46":"k","47":"t","48":"o","49":"p","50":"\\","51":"\\","52":"C","53":"i","54":"t","55":"y","56":"F","57":"o","58":"r","59":"M","60":"e","61":"\\","62":"\\","63":"c","64":"l","65":"i","66":"e","67":"n","68":"t","69":"\\","70":"\\","71":"s","72":"r","73":"c","74":"\\","75":"\\","76":"c","77":"o","78":"m","79":"p","80":"o","81":"n","82":"e","83":"n","84":"t","85":"s","86":"\\","87":"\\","88":"C","89":"i","90":"t","91":"y","92":"C","93":"a","94":"r","95":"d","96":"s","97":"\\","98":"\\","99":"C","100":"i","101":"t","102":"y","103":"C","104":"a","105":"r","106":"d","107":"s","108":".","109":"v","110":"u","111":"e","112":"\"","113":"]","114":",","115":"\"","116":"n","117":"a","118":"m","119":"e","120":"s","121":"\"","122":":","123":"[","124":"]","125":",","126":"\"","127":"m","128":"a","129":"p","130":"p","131":"i","132":"n","133":"g","134":"s","135":"\"","136":":","137":"\"","138":";","139":";","140":";","141":";","142":";","143":";","144":";","145":";","146":"A","147":"A","148":"S","149":"A","150":";","151":"A","152":"A","153":"A","154":"A","155":";","156":"A","157":"A","158":"A","159":"A","160":";","161":"A","162":"A","163":"A","164":"q","165":"C","166":";","167":"A","168":"A","169":"A","170":"A","171":",","172":"e","173":"A","174":"C","175":"t","176":"B","177":";","178":"E","179":"A","180":"C","181":"X","182":",","183":"I","184":"A","185":"A","186":"I","187":",","188":"E","189":"A","190":"A","191":"E","192":",","193":"W","194":"A","195":"A","196":"W","197":";","198":"E","199":"A","200":"C","201":"j","202":"B","203":",","204":"U","205":"A","206":"A","207":"U","208":",","209":"E","210":"A","211":"A","212":"E","213":";","214":"I","215":"A","216":"A","217":"E","218":",","219":"Q","220":"A","221":"A","222":"Q","223":";","224":"I","225":"A","226":"A","227":"R","228":";","229":"I","230":"A","231":"A","232":"A","233":";","234":"I","235":"A","236":"A","237":"A","238":";","239":"I","240":"A","241":"A","242":"A","243":";","244":"E","245":"A","246":"A","247":"S","248":",","249":"C","250":"A","251":"A","252":"C","253":";","254":"E","255":"A","256":"C","257":"x","258":"B","259":",","260":"K","261":"A","262":"A","263":"K","264":",","265":"E","266":"A","267":"A","268":"E","269":";","270":"I","271":"A","272":"C","273":"H","274":",","275":"M","276":"A","277":"A","278":"M","279":",","280":"E","281":"A","282":"A","283":"E","284":";","285":"E","286":"A","287":"C","288":"Z","289":";","290":"A","291":"A","292":"C","293":"J","294":",","295":"C","296":"A","297":"A","298":"C","299":";","300":"A","301":"A","302":"A","303":"A","304":";","305":"A","306":"A","307":"A","308":"A","309":"\"","310":",","311":"\"","312":"f","313":"i","314":"l","315":"e","316":"\"","317":":","318":"\"","319":"C","320":":","321":"\\","322":"\\","323":"U","324":"s","325":"e","326":"r","327":"s","328":"\\","329":"\\","330":"4","331":"9","332":"1","333":"7","334":"6","335":"\\","336":"\\","337":"D","338":"e","339":"s","340":"k","341":"t","342":"o","343":"p","344":"\\","345":"\\","346":"C","347":"i","348":"t","349":"y","350":"F","351":"o","352":"r","353":"M","354":"e","355":"\\","356":"\\","357":"c","358":"l","359":"i","360":"e","361":"n","362":"t","363":"\\","364":"\\","365":"s","366":"r","367":"c","368":"\\","369":"\\","370":"c","371":"o","372":"m","373":"p","374":"o","375":"n","376":"e","377":"n","378":"t","379":"s","380":"\\","381":"\\","382":"C","383":"i","384":"t","385":"y","386":"C","387":"a","388":"r","389":"d","390":"s","391":"\\","392":"\\","393":"C","394":"i","395":"t","396":"y","397":"C","398":"a","399":"r","400":"d","401":"s","402":".","403":"v","404":"u","405":"e","406":"\"","407":",","408":"\"","409":"s","410":"o","411":"u","412":"r","413":"c","414":"e","415":"s","416":"C","417":"o","418":"n","419":"t","420":"e","421":"n","422":"t","423":"\"","424":":","425":"[","426":"\"","427":"<","428":"t","429":"e","430":"m","431":"p","432":"l","433":"a","434":"t","435":"e","436":">","437":"\\","438":"r","439":"\\","440":"n","441":" ","442":" ","443":" ","444":" ","445":"<","446":"d","447":"i","448":"v","449":" ","450":"c","451":"l","452":"a","453":"s","454":"s","455":"=","456":"\\","457":"\"","458":"c","459":"a","460":"r","461":"d","462":"-","463":"c","464":"o","465":"n","466":"t","467":"a","468":"i","469":"n","470":"e","471":"r","472":"\\","473":"\"","474":">","475":"\\","476":"r","477":"\\","478":"n","479":" ","480":" ","481":" ","482":" ","483":" ","484":" ","485":" ","486":" ","487":"<","488":"d","489":"i","490":"v","491":" ","492":"v","493":"-","494":"f","495":"o","496":"r","497":"=","498":"\\","499":"\"","500":"c","501":"i","502":"t","503":"y","504":" ","505":"i","506":"n","507":" ","508":"c","509":"i","510":"t","511":"i","512":"e","513":"s","514":"\\","515":"\"","516":" ","517":":","518":"k","519":"e","520":"y","521":"=","522":"\\","523":"\"","524":"c","525":"i","526":"t","527":"y","528":".","529":"n","530":"a","531":"m","532":"e","533":"\\","534":"\"","535":">","536":"\\","537":"r","538":"\\","539":"n","540":" ","541":" ","542":" ","543":" ","544":" ","545":" ","546":" ","547":" ","548":" ","549":" ","550":" ","551":" ","552":"<","553":"C","554":"i","555":"t","556":"y","557":"C","558":"a","559":"r","560":"d","561":" ","562":":","563":"c","564":"i","565":"t","566":"y","567":"=","568":"\\","569":"\"","570":"c","571":"i","572":"t","573":"y","574":"\\","575":"\"","576":" ","577":"/","578":">","579":"\\","580":"r","581":"\\","582":"n","583":" ","584":" ","585":" ","586":" ","587":" ","588":" ","589":" ","590":" ","591":"<","592":"/","593":"d","594":"i","595":"v","596":">","597":"\\","598":"r","599":"\\","600":"n","601":" ","602":" ","603":" ","604":" ","605":"<","606":"/","607":"d","608":"i","609":"v","610":">","611":"\\","612":"r","613":"\\","614":"n","615":"<","616":"/","617":"t","618":"e","619":"m","620":"p","621":"l","622":"a","623":"t","624":"e","625":">","626":"\\","627":"r","628":"\\","629":"n","630":"\\","631":"r","632":"\\","633":"n","634":"<","635":"s","636":"c","637":"r","638":"i","639":"p","640":"t","641":">","642":"\\","643":"r","644":"\\","645":"n","646":"i","647":"m","648":"p","649":"o","650":"r","651":"t","652":" ","653":"C","654":"i","655":"t","656":"y","657":"C","658":"a","659":"r","660":"d","661":" ","662":"f","663":"r","664":"o","665":"m","666":" ","667":"'","668":".","669":"/","670":"C","671":"i","672":"t","673":"y","674":"C","675":"a","676":"r","677":"d","678":".","679":"v","680":"u","681":"e","682":"'","683":"\\","684":"r","685":"\\","686":"n","687":"e","688":"x","689":"p","690":"o","691":"r","692":"t","693":" ","694":"d","695":"e","696":"f","697":"a","698":"u","699":"l","700":"t","701":" ","702":"{","703":"\\","704":"r","705":"\\","706":"n","707":" ","708":" ","709":" ","710":" ","711":"n","712":"a","713":"m","714":"e","715":":","716":" ","717":"'","718":"C","719":"i","720":"t","721":"y","722":"C","723":"a","724":"r","725":"d","726":"s","727":"'","728":",","729":"\\","730":"r","731":"\\","732":"n","733":" ","734":" ","735":" ","736":" ","737":"c","738":"o","739":"m","740":"p","741":"o","742":"n","743":"e","744":"n","745":"t","746":"s","747":":","748":" ","749":"{","750":" ","751":"C","752":"i","753":"t","754":"y","755":"C","756":"a","757":"r","758":"d","759":" ","760":"}","761":",","762":"\\","763":"r","764":"\\","765":"n","766":" ","767":" ","768":" ","769":" ","770":"p","771":"r","772":"o","773":"p","774":"s","775":":","776":" ","777":"{","778":"\\","779":"r","780":"\\","781":"n","782":" ","783":" ","784":" ","785":" ","786":" ","787":" ","788":" ","789":" ","790":"c","791":"i","792":"t","793":"i","794":"e","795":"s","796":":","797":" ","798":"A","799":"r","800":"r","801":"a","802":"y","803":"\\","804":"r","805":"\\","806":"n","807":" ","808":" ","809":" ","810":" ","811":"}","812":"\\","813":"r","814":"\\","815":"n","816":"}","817":"\\","818":"r","819":"\\","820":"n","821":"<","822":"/","823":"s","824":"c","825":"r","826":"i","827":"p","828":"t","829":">","830":"\\","831":"r","832":"\\","833":"n","834":"\\","835":"r","836":"\\","837":"n","838":"<","839":"s","840":"t","841":"y","842":"l","843":"e","844":" ","845":"l","846":"a","847":"n","848":"g","849":"=","850":"\\","851":"\"","852":"s","853":"c","854":"s","855":"s","856":"\\","857":"\"","858":" ","859":"s","860":"c","861":"o","862":"p","863":"e","864":"d","865":">","866":"\\","867":"r","868":"\\","869":"n","870":".","871":"c","872":"a","873":"r","874":"d","875":"-","876":"c","877":"o","878":"n","879":"t","880":"a","881":"i","882":"n","883":"e","884":"r","885":" ","886":"{","887":"\\","888":"r","889":"\\","890":"n","891":" ","892":" ","893":" ","894":" ","895":"d","896":"i","897":"s","898":"p","899":"l","900":"a","901":"y","902":":","903":" ","904":"g","905":"r","906":"i","907":"d","908":";","909":"\\","910":"r","911":"\\","912":"n","913":" ","914":" ","915":" ","916":" ","917":"g","918":"r","919":"i","920":"d","921":"-","922":"t","923":"e","924":"m","925":"p","926":"l","927":"a","928":"t","929":"e","930":"-","931":"c","932":"o","933":"l","934":"u","935":"m","936":"n","937":"s","938":":","939":" ","940":"r","941":"e","942":"p","943":"e","944":"a","945":"t","946":"(","947":"a","948":"u","949":"t","950":"o","951":"-","952":"f","953":"i","954":"t","955":",","956":"m","957":"i","958":"n","959":"m","960":"a","961":"x","962":"(","963":"3","964":"0","965":"0","966":"p","967":"x","968":",","969":"1","970":"f","971":"r","972":")","973":")","974":";","975":"\\","976":"r","977":"\\","978":"n","979":" ","980":" ","981":" ","982":" ","983":"p","984":"a","985":"d","986":"d","987":"i","988":"n","989":"g","990":":","991":" ","992":"2","993":"0","994":"p","995":"x","996":";","997":"\\","998":"r","999":"\\","1000":"n","1001":" ","1002":" ","1003":" ","1004":" ","1005":"g","1006":"r","1007":"i","1008":"d","1009":"-","1010":"g","1011":"a","1012":"p","1013":":","1014":" ","1015":"4","1016":"0","1017":"p","1018":"x","1019":";","1020":"\\","1021":"r","1022":"\\","1023":"n","1024":" ","1025":" ","1026":" ","1027":" ","1028":"w","1029":"i","1030":"d","1031":"t","1032":"h","1033":":","1034":" ","1035":"9","1036":"0","1037":"%","1038":";","1039":"\\","1040":"r","1041":"\\","1042":"n","1043":" ","1044":" ","1045":" ","1046":" ","1047":"m","1048":"a","1049":"r","1050":"g","1051":"i","1052":"n","1053":":","1054":" ","1055":"a","1056":"u","1057":"t","1058":"o","1059":";","1060":"\\","1061":"r","1062":"\\","1063":"n","1064":"}","1065":"\\","1066":"r","1067":"\\","1068":"n","1069":"<","1070":"/","1071":"s","1072":"t","1073":"y","1074":"l","1075":"e","1076":">","1077":"\"","1078":"]","1079":"}"},"_coverageSchema":"1a1c01bbd47fc00a2c39e90264f33305004495a9","hash":"5cdeff14c16bbc91deaff099bdfd5821ad4024a1"}
,"C:\\Users\\49176\\Desktop\\CityForMe\\client\\src\\components\\Filters\\Autocomplete.vue": {"path":"C:\\Users\\49176\\Desktop\\CityForMe\\client\\src\\components\\Filters\\Autocomplete.vue","statementMap":{"0":{"start":{"line":4,"column":0},"end":{"line":6,"column":3}},"1":{"start":{"line":7,"column":0},"end":{"line":7,"column":25}},"2":{"start":{"line":8,"column":15},"end":{"line":42,"column":1}},"3":{"start":{"line":16,"column":4},"end":{"line":19,"column":6}},"4":{"start":{"line":24,"column":6},"end":{"line":27,"column":7}},"5":{"start":{"line":25,"column":8},"end":{"line":25,"column":29}},"6":{"start":{"line":26,"column":8},"end":{"line":26,"column":34}},"7":{"start":{"line":32,"column":6},"end":{"line":32,"column":41}},"8":{"start":{"line":33,"column":6},"end":{"line":33,"column":31}},"9":{"start":{"line":34,"column":6},"end":{"line":34,"column":32}},"10":{"start":{"line":39,"column":6},"end":{"line":39,"column":121}},"11":{"start":{"line":39,"column":59},"end":{"line":39,"column":119}},"12":{"start":{"line":45,"column":0},"end":{"line":45,"column":13}},"13":{"start":{"line":47,"column":0},"end":{"line":49,"column":3}},"14":{"start":{"line":50,"column":0},"end":{"line":50,"column":24}},"15":{"start":{"line":51,"column":11},"end":{"line":51,"column":25}},"16":{"start":{"line":52,"column":19},"end":{"line":52,"column":26}},"17":{"start":{"line":53,"column":19},"end":{"line":53,"column":40}},"18":{"start":{"line":54,"column":19},"end":{"line":57,"column":1}},"19":{"start":{"line":58,"column":19},"end":{"line":58,"column":30}},"20":{"start":{"line":60,"column":2},"end":{"line":78,"column":133}},"21":{"start":{"line":68,"column":63},"end":{"line":68,"column":87}},"22":{"start":{"line":70,"column":6},"end":{"line":70,"column":68}},"23":{"start":{"line":74,"column":4},"end":{"line":77,"column":75}},"24":{"start":{"line":76,"column":25},"end":{"line":76,"column":50}},"25":{"start":{"line":79,"column":2},"end":{"line":79,"column":49}}},"fnMap":{"0":{"name":"(anonymous_0)","decl":{"start":{"line":15,"column":2},"end":{"line":15,"column":3}},"loc":{"start":{"line":15,"column":9},"end":{"line":20,"column":3}},"line":15},"1":{"name":"(anonymous_1)","decl":{"start":{"line":23,"column":4},"end":{"line":23,"column":5}},"loc":{"start":{"line":23,"column":23},"end":{"line":28,"column":5}},"line":23},"2":{"name":"(anonymous_2)","decl":{"start":{"line":31,"column":4},"end":{"line":31,"column":5}},"loc":{"start":{"line":31,"column":25},"end":{"line":35,"column":5}},"line":31},"3":{"name":"(anonymous_3)","decl":{"start":{"line":38,"column":4},"end":{"line":38,"column":5}},"loc":{"start":{"line":38,"column":20},"end":{"line":40,"column":5}},"line":38},"4":{"name":"(anonymous_4)","decl":{"start":{"line":39,"column":49},"end":{"line":39,"column":50}},"loc":{"start":{"line":39,"column":59},"end":{"line":39,"column":119}},"line":39},"5":{"name":"render","decl":{"start":{"line":59,"column":9},"end":{"line":59,"column":15}},"loc":{"start":{"line":59,"column":30},"end":{"line":79,"column":1}},"line":59},"6":{"name":"(anonymous_6)","decl":{"start":{"line":68,"column":53},"end":{"line":68,"column":54}},"loc":{"start":{"line":68,"column":63},"end":{"line":68,"column":87}},"line":68},"7":{"name":"(anonymous_7)","decl":{"start":{"line":69,"column":39},"end":{"line":69,"column":40}},"loc":{"start":{"line":69,"column":51},"end":{"line":71,"column":5}},"line":69},"8":{"name":"(anonymous_8)","decl":{"start":{"line":73,"column":348},"end":{"line":73,"column":349}},"loc":{"start":{"line":73,"column":358},"end":{"line":78,"column":3}},"line":73},"9":{"name":"(anonymous_9)","decl":{"start":{"line":76,"column":15},"end":{"line":76,"column":16}},"loc":{"start":{"line":76,"column":25},"end":{"line":76,"column":50}},"line":76}},"branchMap":{"0":{"loc":{"start":{"line":24,"column":6},"end":{"line":27,"column":7}},"type":"if","locations":[{"start":{"line":24,"column":6},"end":{"line":27,"column":7}},{"start":{},"end":{}}],"line":24},"1":{"loc":{"start":{"line":68,"column":27},"end":{"line":68,"column":88}},"type":"binary-expr","locations":[{"start":{"line":68,"column":27},"end":{"line":68,"column":36}},{"start":{"line":68,"column":41},"end":{"line":68,"column":87}}],"line":68},"2":{"loc":{"start":{"line":69,"column":13},"end":{"line":71,"column":6}},"type":"binary-expr","locations":[{"start":{"line":69,"column":13},"end":{"line":69,"column":22}},{"start":{"line":69,"column":27},"end":{"line":71,"column":5}}],"line":69},"3":{"loc":{"start":{"line":70,"column":13},"end":{"line":70,"column":67}},"type":"binary-expr","locations":[{"start":{"line":70,"column":13},"end":{"line":70,"column":31}},{"start":{"line":70,"column":35},"end":{"line":70,"column":67}}],"line":70},"4":{"loc":{"start":{"line":73,"column":95},"end":{"line":78,"column":80}},"type":"cond-expr","locations":[{"start":{"line":73,"column":156},"end":{"line":78,"column":34}},{"start":{"line":78,"column":38},"end":{"line":78,"column":80}}],"line":73},"5":{"loc":{"start":{"line":73,"column":95},"end":{"line":73,"column":152}},"type":"binary-expr","locations":[{"start":{"line":73,"column":95},"end":{"line":73,"column":126}},{"start":{"line":73,"column":130},"end":{"line":73,"column":152}}],"line":73}},"s":{"0":4,"1":4,"2":4,"3":10,"4":0,"5":0,"6":0,"7":1,"8":1,"9":1,"10":0,"11":0,"12":4,"13":4,"14":4,"15":4,"16":4,"17":4,"18":4,"19":4,"20":11,"21":0,"22":0,"23":0,"24":0,"25":4},"f":{"0":10,"1":0,"2":1,"3":0,"4":0,"5":11,"6":0,"7":0,"8":0,"9":0},"b":{"0":[0,0],"1":[11,10],"2":[11,10],"3":[0,0],"4":[0,11],"5":[11,0]},"inputSourceMap":{"0":"{","1":"\"","2":"v","3":"e","4":"r","5":"s","6":"i","7":"o","8":"n","9":"\"","10":":","11":"3","12":",","13":"\"","14":"s","15":"o","16":"u","17":"r","18":"c","19":"e","20":"s","21":"\"","22":":","23":"[","24":"\"","25":"C","26":":","27":"\\","28":"\\","29":"U","30":"s","31":"e","32":"r","33":"s","34":"\\","35":"\\","36":"4","37":"9","38":"1","39":"7","40":"6","41":"\\","42":"\\","43":"D","44":"e","45":"s","46":"k","47":"t","48":"o","49":"p","50":"\\","51":"\\","52":"C","53":"i","54":"t","55":"y","56":"F","57":"o","58":"r","59":"M","60":"e","61":"\\","62":"\\","63":"c","64":"l","65":"i","66":"e","67":"n","68":"t","69":"\\","70":"\\","71":"s","72":"r","73":"c","74":"\\","75":"\\","76":"c","77":"o","78":"m","79":"p","80":"o","81":"n","82":"e","83":"n","84":"t","85":"s","86":"\\","87":"\\","88":"F","89":"i","90":"l","91":"t","92":"e","93":"r","94":"s","95":"\\","96":"\\","97":"A","98":"u","99":"t","100":"o","101":"c","102":"o","103":"m","104":"p","105":"l","106":"e","107":"t","108":"e","109":".","110":"v","111":"u","112":"e","113":"\"","114":"]","115":",","116":"\"","117":"n","118":"a","119":"m","120":"e","121":"s","122":"\"","123":":","124":"[","125":"]","126":",","127":"\"","128":"m","129":"a","130":"p","131":"p","132":"i","133":"n","134":"g","135":"s","136":"\"","137":":","138":"\"","139":";","140":";","141":";","142":";","143":";","144":";","145":";","146":"e","147":"A","148":"Y","149":"e","150":";","151":"E","152":"A","153":"C","154":"X","155":",","156":"I","157":"A","158":"A","159":"I","160":",","161":"E","162":"A","163":"A","164":"E","165":",","166":"a","167":"A","168":"A","169":"a","170":";","171":"E","172":"A","173":"C","174":"n","175":"B","176":",","177":"K","178":"A","179":"A","180":"K","181":",","182":"E","183":"A","184":"A","185":"E","186":";","187":"I","188":"A","189":"C","190":"H","191":",","192":"S","193":"A","194":"A","195":"S","196":",","197":"E","198":"A","199":"A","200":"E","201":",","202":"M","203":"A","204":"A","205":"M","206":";","207":"I","208":"A","209":"C","210":"j","211":"B","212":",","213":"O","214":"A","215":"A","216":"O","217":",","218":"E","219":"A","220":"A","221":"E","222":",","223":"K","224":"A","225":"A","226":"K","227":";","228":"I","229":"A","230":"C","231":"d","232":",","233":"G","234":"A","235":"A","236":"G","237":",","238":"E","239":"A","240":"A","241":"E","242":";","243":"E","244":"A","245":"C","246":"T","247":",","248":"C","249":"A","250":"A","251":"C","252":";","253":"E","254":"A","255":"C","256":"D","257":",","258":"I","259":"A","260":"A","261":"I","262":",","263":"G","264":"A","265":"A","266":"G","267":";","268":"I","269":"A","270":"C","271":"H","272":",","273":"O","274":"A","275":"A","276":"O","277":";","278":"M","279":"A","280":"C","281":"H","282":",","283":"U","284":"A","285":"A","286":"U","287":",","288":"E","289":"A","290":"A","291":"E","292":",","293":"E","294":"A","295":"A","296":"E","297":";","298":"M","299":"A","300":"C","301":"d","302":",","303":"e","304":"A","305":"A","306":"e","307":",","308":"E","309":"A","310":"A","311":"E","312":";","313":"I","314":"A","315":"C","316":"r","317":"B","318":",","319":"C","320":"A","321":"A","322":"C","323":";","324":"E","325":"A","326":"C","327":"L","328":",","329":"C","330":"A","331":"A","332":"C","333":";","334":"E","335":"A","336":"C","337":"D","338":",","339":"K","340":"A","341":"A","342":"K","343":",","344":"E","345":"A","346":"A","347":"E","348":";","349":"I","350":"A","351":"C","352":"H","353":";","354":"I","355":"A","356":"C","357":"A","358":",","359":"U","360":"A","361":"A","362":"U","363":",","364":"C","365":"A","366":"A","367":"C","368":",","369":"M","370":"A","371":"A","372":"M","373":",","374":"E","375":"A","376":"A","377":"E","378":";","379":"M","380":"A","381":"C","382":"n","383":"B","384":",","385":"I","386":"A","387":"A","388":"I","389":",","390":"M","391":"A","392":"A","393":"M","394":",","395":"E","396":"A","397":"A","398":"E","399":";","400":"Q","401":"A","402":"C","403":"R","404":",","405":"I","406":"A","407":"A","408":"I","409":",","410":"C","411":"A","412":"A","413":"C","414":",","415":"U","416":"A","417":"A","418":"U","419":",","420":"G","421":"A","422":"A","423":"G","424":",","425":"E","426":"A","427":"A","428":"E","429":";","430":"Q","431":"A","432":"C","433":"p","434":"B","435":",","436":"I","437":"A","438":"A","439":"I","440":",","441":"C","442":"A","443":"A","444":"C","445":",","446":"e","447":"A","448":"A","449":"e","450":",","451":"G","452":"A","453":"A","454":"G","455":",","456":"E","457":"A","458":"A","459":"E","460":";","461":"M","462":"A","463":"C","464":"7","465":"B","466":";","467":"I","468":"A","469":"C","470":"A","471":";","472":"E","473":"A","474":"C","475":"J","476":",","477":"C","478":"A","479":"A","480":"C","481":";","482":"E","483":"A","484":"C","485":"D","486":",","487":"O","488":"A","489":"A","490":"O","491":",","492":"E","493":"A","494":"A","495":"E","496":";","497":"I","498":"A","499":"C","500":"L","501":",","502":"Y","503":"A","504":"A","505":"Y","506":",","507":"C","508":"A","509":"A","510":"C","511":",","512":"M","513":"A","514":"A","515":"M","516":",","517":"E","518":"A","519":"A","520":"E","521":";","522":"M","523":"A","524":"C","525":"j","526":"B","527":",","528":"I","529":"A","530":"A","531":"I","532":",","533":"C","534":"A","535":"A","536":"C","537":",","538":"K","539":"A","540":"A","541":"K","542":",","543":"C","544":"A","545":"A","546":"C","547":",","548":"c","549":"A","550":"A","551":"c","552":",","553":"E","554":"A","555":"A","556":"C","557":",","558":"M","559":"A","560":"A","561":"M","562":",","563":"C","564":"A","565":"A","566":"C","567":";","568":"M","569":"A","570":"C","571":"j","572":"C","573":",","574":"I","575":"A","576":"A","577":"I","578":",","579":"C","580":"A","581":"A","582":"C","583":",","584":"U","585":"A","586":"A","587":"U","588":",","589":"G","590":"A","591":"A","592":"G","593":",","594":"M","595":"A","596":"A","597":"M","598":";","599":"M","600":"A","601":"C","602":"x","603":"B","604":",","605":"I","606":"A","607":"A","608":"I","609":",","610":"C","611":"A","612":"A","613":"C","614":",","615":"e","616":"A","617":"A","618":"e","619":",","620":"G","621":"A","622":"A","623":"G","624":",","625":"E","626":"A","627":"A","628":"E","629":";","630":"I","631":"A","632":"C","633":"7","634":"B","635":";","636":"E","637":"A","638":"C","639":"J","640":",","641":"C","642":"A","643":"A","644":"C","645":";","646":"E","647":"A","648":"C","649":"D","650":",","651":"Q","652":"A","653":"A","654":"Q","655":",","656":"E","657":"A","658":"A","659":"E","660":";","661":"I","662":"A","663":"C","664":"N","665":",","666":"a","667":"A","668":"A","669":"a","670":",","671":"G","672":"A","673":"A","674":"G","675":";","676":"M","677":"A","678":"C","679":"Z","680":",","681":"I","682":"A","683":"A","684":"I","685":",","686":"C","687":"A","688":"A","689":"C","690":",","691":"e","692":"A","693":"A","694":"e","695":",","696":"G","697":"A","698":"A","699":"G","700":",","701":"I","702":"A","703":"A","704":"I","705":",","706":"C","707":"A","708":"A","709":"C","710":",","711":"O","712":"A","713":"A","714":"O","715":",","716":"C","717":"A","718":"A","719":"C","720":",","721":"M","722":"A","723":"A","724":"M","725":",","726":"C","727":"A","728":"A","729":"C","730":",","731":"M","732":"A","733":"A","734":"M","735":",","736":"I","737":"A","738":"A","739":"I","740":",","741":"M","742":"A","743":"A","744":"M","745":",","746":"C","747":"A","748":"A","749":"C","750":",","751":"W","752":"A","753":"A","754":"W","755":",","756":"C","757":"A","758":"A","759":"C","760":",","761":"C","762":"A","763":"A","764":"C","765":",","766":"C","767":"A","768":"A","769":"C","770":",","771":"Q","772":"A","773":"A","774":"Q","775":",","776":"C","777":"A","778":"A","779":"C","780":",","781":"I","782":"A","783":"A","784":"I","785":",","786":"C","787":"A","788":"A","789":"C","790":",","791":"U","792":"A","793":"A","794":"U","795":",","796":"C","797":"A","798":"A","799":"C","800":",","801":"W","802":"A","803":"A","804":"W","805":",","806":"C","807":"A","808":"A","809":"C","810":",","811":"C","812":"A","813":"A","814":"C","815":",","816":"C","817":"A","818":"A","819":"C","820":",","821":"C","822":"A","823":"A","824":"C","825":";","826":"I","827":"A","828":"C","829":"t","830":"H","831":";","832":"E","833":"A","834":"C","835":"J","836":";","837":"A","838":"A","839":"C","840":"J","841":",","842":"C","843":"A","844":"A","845":"C","846":";","847":"A","848":"A","849":"A","850":"A","851":";","852":"A","853":"A","854":"A","855":"A","856":"\"","857":",","858":"\"","859":"f","860":"i","861":"l","862":"e","863":"\"","864":":","865":"\"","866":"C","867":":","868":"\\","869":"\\","870":"U","871":"s","872":"e","873":"r","874":"s","875":"\\","876":"\\","877":"4","878":"9","879":"1","880":"7","881":"6","882":"\\","883":"\\","884":"D","885":"e","886":"s","887":"k","888":"t","889":"o","890":"p","891":"\\","892":"\\","893":"C","894":"i","895":"t","896":"y","897":"F","898":"o","899":"r","900":"M","901":"e","902":"\\","903":"\\","904":"c","905":"l","906":"i","907":"e","908":"n","909":"t","910":"\\","911":"\\","912":"s","913":"r","914":"c","915":"\\","916":"\\","917":"c","918":"o","919":"m","920":"p","921":"o","922":"n","923":"e","924":"n","925":"t","926":"s","927":"\\","928":"\\","929":"F","930":"i","931":"l","932":"t","933":"e","934":"r","935":"s","936":"\\","937":"\\","938":"A","939":"u","940":"t","941":"o","942":"c","943":"o","944":"m","945":"p","946":"l","947":"e","948":"t","949":"e","950":".","951":"v","952":"u","953":"e","954":"\"","955":",","956":"\"","957":"s","958":"o","959":"u","960":"r","961":"c","962":"e","963":"s","964":"C","965":"o","966":"n","967":"t","968":"e","969":"n","970":"t","971":"\"","972":":","973":"[","974":"\"","975":"<","976":"t","977":"e","978":"m","979":"p","980":"l","981":"a","982":"t","983":"e","984":">","985":"\\","986":"r","987":"\\","988":"n","989":" ","990":" ","991":" ","992":" ","993":"<","994":"!","995":"-","996":"-","997":" ","998":":","999":"k","1000":"e","1001":"y","1002":"=","1003":"\\","1004":"\"","1005":"k","1006":"e","1007":"y","1008":"\\","1009":"\"","1010":" ","1011":"p","1012":"r","1013":"o","1014":"p","1015":" ","1016":"m","1017":"a","1018":"k","1019":"e","1020":"s","1021":" ","1022":"s","1023":"u","1024":"r","1025":"e","1026":" ","1027":"c","1028":"o","1029":"m","1030":"p","1031":"o","1032":"n","1033":"e","1034":"n","1035":"t","1036":" ","1037":"r","1038":"e","1039":"-","1040":"r","1041":"e","1042":"n","1043":"d","1044":"e","1045":"r","1046":"s","1047":" ","1048":"a","1049":"f","1050":"t","1051":"e","1052":"r","1053":" ","1054":"t","1055":"h","1056":"e","1057":" ","1058":"f","1059":"o","1060":"r","1061":"m","1062":" ","1063":"i","1064":"s","1065":" ","1066":"s","1067":"u","1068":"b","1069":"m","1070":"i","1071":"t","1072":"t","1073":"e","1074":"d","1075":" ","1076":"-","1077":"-","1078":">","1079":"\\","1080":"r","1081":"\\","1082":"n","1083":" ","1084":" ","1085":" ","1086":" ","1087":"<","1088":"d","1089":"i","1090":"v","1091":" ","1092":":","1093":"k","1094":"e","1095":"y","1096":"=","1097":"\\","1098":"\"","1099":"k","1100":"e","1101":"y","1102":"\\","1103":"\"","1104":">","1105":"\\","1106":"r","1107":"\\","1108":"n","1109":" ","1110":" ","1111":" ","1112":" ","1113":" ","1114":" ","1115":" ","1116":" ","1117":"<","1118":"l","1119":"a","1120":"b","1121":"e","1122":"l","1123":" ","1124":"c","1125":"l","1126":"a","1127":"s","1128":"s","1129":"=","1130":"\\","1131":"\"","1132":"f","1133":"i","1134":"l","1135":"t","1136":"e","1137":"r","1138":"L","1139":"a","1140":"b","1141":"e","1142":"l","1143":"\\","1144":"\"","1145":" ","1146":":","1147":"f","1148":"o","1149":"r","1150":"=","1151":"\\","1152":"\"","1153":"l","1154":"a","1155":"b","1156":"e","1157":"l","1158":"T","1159":"e","1160":"x","1161":"t","1162":"\\","1163":"\"","1164":">","1165":"{","1166":"{","1167":"`","1168":"$","1169":"{","1170":"l","1171":"a","1172":"b","1173":"e","1174":"l","1175":"T","1176":"e","1177":"x","1178":"t","1179":"}","1180":":","1181":"`","1182":"}","1183":"}","1184":"<","1185":"/","1186":"l","1187":"a","1188":"b","1189":"e","1190":"l","1191":">","1192":"\\","1193":"r","1194":"\\","1195":"n","1196":" ","1197":" ","1198":" ","1199":" ","1200":" ","1201":" ","1202":" ","1203":" ","1204":"<","1205":"i","1206":"n","1207":"p","1208":"u","1209":"t","1210":" ","1211":":","1212":"i","1213":"d","1214":"=","1215":"\\","1216":"\"","1217":"l","1218":"a","1219":"b","1220":"e","1221":"l","1222":"T","1223":"e","1224":"x","1225":"t","1226":"\\","1227":"\"","1228":" ","1229":"c","1230":"l","1231":"a","1232":"s","1233":"s","1234":"=","1235":"\\","
[...]
77":"A","778":",","779":"O","780":"A","781":"A","782":"a","783":",","784":"C","785":"A","786":"A","787":"C","788":",","789":"i","790":"B","791":"A","792":"A","793":"i","794":"B","795":",","796":"C","797":"A","798":"A","799":"C","800":",","801":"U","802":"A","803":"A","804":"U","805":",","806":"C","807":"A","808":"A","809":"C","810":",","811":"S","812":"A","813":"A","814":"S","815":",","816":"E","817":"A","818":"A","819":"C","820":",","821":"U","822":"A","823":"A","824":"U","825":",","826":"C","827":"A","828":"A","829":"C","830":",","831":"O","832":"A","833":"A","834":"O","835":",","836":"E","837":"A","838":"A","839":"C","840":",","841":"U","842":"A","843":"A","844":"U","845":",","846":"C","847":"A","848":"A","849":"C","850":",","851":"c","852":"A","853":"A","854":"c","855":",","856":"E","857":"A","858":"A","859":"C","860":",","861":"U","862":"A","863":"A","864":"U","865":",","866":"C","867":"A","868":"A","869":"C","870":",","871":"Y","872":"A","873":"A","874":"Y","875":";","876":"Q","877":"A","878":"A","879":"C","880":";","881":"Q","882":"A","883":"C","884":"9","885":"I","886":",","887":"I","888":"A","889":"A","890":"I","891":",","892":"C","893":"A","894":"A","895":"C","896":",","897":"M","898":"A","899":"A","900":"M","901":",","902":"G","903":"A","904":"A","905":"G","906":",","907":"C","908":"A","909":"A","910":"C","911":",","912":"G","913":"A","914":"A","915":"G","916":",","917":"I","918":"A","919":"A","920":"I","921":",","922":"C","923":"A","924":"A","925":"C","926":",","927":"M","928":"A","929":"A","930":"M","931":",","932":"C","933":"A","934":"A","935":"C","936":",","937":"M","938":"A","939":"A","940":"M","941":",","942":"C","943":"A","944":"A","945":"C","946":";","947":"M","948":"A","949":"C","950":"v","951":"C","952":",","953":"C","954":"A","955":"A","956":"C","957":",","958":"C","959":"A","960":"A","961":"C","962":",","963":"O","964":"A","965":"A","966":"M","967":",","968":"G","969":"A","970":"A","971":"G","972":",","973":"E","974":"A","975":"A","976":"E","977":";","978":"Q","979":"A","980":"C","981":"X","982":",","983":"I","984":"A","985":"A","986":"I","987":",","988":"C","989":"A","990":"A","991":"C","992":",","993":"K","994":"A","995":"A","996":"K","997":",","998":"G","999":"A","1000":"A","1001":"G","1002":",","1003":"G","1004":"A","1005":"A","1006":"G","1007":",","1008":"C","1009":"A","1010":"A","1011":"C","1012":",","1013":"O","1014":"A","1015":"A","1016":"O","1017":";","1018":"M","1019":"A","1020":"C","1021":"1","1022":"B","1023":";","1024":"I","1025":"A","1026":"C","1027":"F","1028":";","1029":"E","1030":"A","1031":"C","1032":"F","1033":";","1034":"A","1035":"A","1036":"C","1037":"F","1038":",","1039":"C","1040":"A","1041":"A","1042":"C","1043":";","1044":"A","1045":"A","1046":"A","1047":"A","1048":";","1049":"A","1050":"A","1051":"A","1052":"A","1053":"\"","1054":",","1055":"\"","1056":"f","1057":"i","1058":"l","1059":"e","1060":"\"","1061":":","1062":"\"","1063":"C","1064":":","1065":"\\","1066":"\\","1067":"U","1068":"s","1069":"e","1070":"r","1071":"s","1072":"\\","1073":"\\","1074":"4","1075":"9","1076":"1","1077":"7","1078":"6","1079":"\\","1080":"\\","1081":"D","1082":"e","1083":"s","1084":"k","1085":"t","1086":"o","1087":"p","1088":"\\","1089":"\\","1090":"C","1091":"i","1092":"t","1093":"y","1094":"F","1095":"o","1096":"r","1097":"M","1098":"e","1099":"\\","1100":"\\","1101":"c","1102":"l","1103":"i","1104":"e","1105":"n","1106":"t","1107":"\\","1108":"\\","1109":"s","1110":"r","1111":"c","1112":"\\","1113":"\\","1114":"v","1115":"i","1116":"e","1117":"w","1118":"s","1119":"\\","1120":"\\","1121":"H","1122":"o","1123":"m","1124":"e","1125":"V","1126":"i","1127":"e","1128":"w","1129":".","1130":"v","1131":"u","1132":"e","1133":"\"","1134":",","1135":"\"","1136":"s","1137":"o","1138":"u","1139":"r","1140":"c","1141":"e","1142":"s","1143":"C","1144":"o","1145":"n","1146":"t","1147":"e","1148":"n","1149":"t","1150":"\"","1151":":","1152":"[","1153":"\"","1154":"<","1155":"t","1156":"e","1157":"m","1158":"p","1159":"l","1160":"a","1161":"t","1162":"e","1163":">","1164":"\\","1165":"n","1166":" ","1167":" ","1168":"<","1169":"d","1170":"i","1171":"v","1172":" ","1173":"c","1174":"l","1175":"a","1176":"s","1177":"s","1178":"=","1179":"\\","1180":"\"","1181":"h","1182":"o","1183":"m","1184":"e","1185":"\\","1186":"\"","1187":">","1188":"\\","1189":"n","1190":" ","1191":" ","1192":" ","1193":" ","1194":"<","1195":"h","1196":"2","1197":">","1198":"<","1199":"i","1200":">","1201":"{","1202":"{","1203":"l","1204":"a","1205":"n","1206":"d","1207":"i","1208":"n","1209":"g","1210":"M","1211":"s","1212":"g","1213":"}","1214":"}","1215":"<","1216":"/","1217":"i","1218":">","1219":"<","1220":"/","1221":"h","1222":"2","1223":">","1224":"\\","1225":"n","1226":" ","1227":" ","1228":" ","1229":" ","1230":"<","1231":"F","1232":"i","1233":"l","1234":"t","1235":"e","1236":"r","1237":"s","1238":" ","1239":"@","1240":"f","1241":"i","1242":"l","1243":"t","1244":"e","1245":"r","1246":"D","1247":"a","1248":"t","1249":"a","1250":"=","1251":"\\","1252":"\"","1253":"f","1254":"i","1255":"l","1256":"t","1257":"e","1258":"r","1259":"D","1260":"a","1261":"t","1262":"a","1263":"\\","1264":"\"","1265":" ","1266":"/","1267":">","1268":"\\","1269":"n","1270":" ","1271":" ","1272":" ","1273":" ","1274":"<","1275":"C","1276":"i","1277":"t","1278":"y","1279":"C","1280":"a","1281":"r","1282":"d","1283":"s","1284":" ","1285":":","1286":"c","1287":"i","1288":"t","1289":"i","1290":"e","1291":"s","1292":"=","1293":"\\","1294":"\"","1295":"c","1296":"i","1297":"t","1298":"i","1299":"e","1300":"s","1301":"\\","1302":"\"","1303":" ","1304":"/","1305":">","1306":"\\","1307":"n","1308":" ","1309":" ","1310":"<","1311":"/","1312":"d","1313":"i","1314":"v","1315":">","1316":"\\","1317":"n","1318":"<","1319":"/","1320":"t","1321":"e","1322":"m","1323":"p","1324":"l","1325":"a","1326":"t","1327":"e","1328":">","1329":"\\","1330":"n","1331":"\\","1332":"n","1333":"<","1334":"s","1335":"c","1336":"r","1337":"i","1338":"p","1339":"t","1340":">","1341":"\\","1342":"n","1343":"i","1344":"m","1345":"p","1346":"o","1347":"r","1348":"t","1349":" ","1350":"C","1351":"i","1352":"t","1353":"i","1354":"e","1355":"s","1356":"S","1357":"e","1358":"r","1359":"v","1360":"i","1361":"c","1362":"e","1363":" ","1364":"f","1365":"r","1366":"o","1367":"m","1368":" ","1369":"'","1370":"@","1371":"/","1372":"C","1373":"i","1374":"t","1375":"i","1376":"e","1377":"s","1378":"S","1379":"e","1380":"r","1381":"v","1382":"i","1383":"c","1384":"e","1385":"'","1386":"\\","1387":"n","1388":"i","1389":"m","1390":"p","1391":"o","1392":"r","1393":"t","1394":" ","1395":"C","1396":"i","1397":"t","1398":"y","1399":"C","1400":"a","1401":"r","1402":"d","1403":"s","1404":" ","1405":"f","1406":"r","1407":"o","1408":"m","1409":" ","1410":"'","1411":"@","1412":"/","1413":"c","1414":"o","1415":"m","1416":"p","1417":"o","1418":"n","1419":"e","1420":"n","1421":"t","1422":"s","1423":"/","1424":"C","1425":"i","1426":"t","1427":"y","1428":"C","1429":"a","1430":"r","1431":"d","1432":"s","1433":"/","1434":"C","1435":"i","1436":"t","1437":"y","1438":"C","1439":"a","1440":"r","1441":"d","1442":"s","1443":".","1444":"v","1445":"u","1446":"e","1447":"'","1448":"\\","1449":"n","1450":"i","1451":"m","1452":"p","1453":"o","1454":"r","1455":"t","1456":" ","1457":"F","1458":"i","1459":"l","1460":"t","1461":"e","1462":"r","1463":"s","1464":" ","1465":"f","1466":"r","1467":"o","1468":"m","1469":" ","1470":"'","1471":"@","1472":"/","1473":"c","1474":"o","1475":"m","1476":"p","1477":"o","1478":"n","1479":"e","1480":"n","1481":"t","1482":"s","1483":"/","1484":"F","1485":"i","1486":"l","1487":"t","1488":"e","1489":"r","1490":"s","1491":"/","1492":"F","1493":"i","1494":"l","1495":"t","1496":"e","1497":"r","1498":"s","1499":".","1500":"v","1501":"u","1502":"e","1503":"'","1504":"\\","1505":"n","1506":"\\","1507":"n","1508":"e","1509":"x","1510":"p","1511":"o","1512":"r","1513":"t","1514":" ","1515":"d","1516":"e","1517":"f","1518":"a","1519":"u","1520":"l","1521":"t","1522":" ","1523":"{","1524":"\\","1525":"n","1526":" ","1527":" ","1528":"n","1529":"a","1530":"m","1531":"e","1532":":","1533":" ","1534":"'","1535":"H","1536":"o","1537":"m","1538":"e","1539":"V","1540":"i","1541":"e","1542":"w","1543":"'","1544":",","1545":"\\","1546":"n","1547":" ","1548":" ","1549":"c","1550":"o","1551":"m","1552":"p","1553":"o","1554":"n","1555":"e","1556":"n","1557":"t","1558":"s","1559":":","1560":" ","1561":"{","1562":"\\","1563":"n","1564":" ","1565":" ","1566":" ","1567":" ","1568":"C","1569":"i","1570":"t","1571":"y","1572":"C","1573":"a","1574":"r","1575":"d","1576":"s","1577":",","1578":" ","1579":"F","1580":"i","1581":"l","1582":"t","1583":"e","1584":"r","1585":"s","1586":"\\","1587":"n","1588":" ","1589":" ","1590":"}","1591":",","1592":"\\","1593":"n","1594":" ","1595":" ","1596":"d","1597":"a","1598":"t","1599":"a","1600":"(","1601":")","1602":" ","1603":"{","1604":"\\","1605":"n","1606":" ","1607":" ","1608":" ","1609":" ","1610":"r","1611":"e","1612":"t","1613":"u","1614":"r","1615":"n","1616":" ","1617":"{","1618":"\\","1619":"n","1620":" ","1621":" ","1622":" ","1623":" ","1624":" ","1625":" ","1626":"l","1627":"a","1628":"n","1629":"d","1630":"i","1631":"n","1632":"g","1633":"M","1634":"s","1635":"g","1636":":","1637":" ","1638":"'","1639":"F","1640":"i","1641":"n","1642":"d","1643":" ","1644":"y","1645":"o","1646":"u","1647":"r","1648":" ","1649":"D","1650":"r","1651":"e","1652":"a","1653":"m","1654":" ","1655":"C","1656":"i","1657":"t","1658":"y","1659":"'","1660":",","1661":"\\","1662":"n","1663":" ","1664":" ","1665":" ","1666":" ","1667":" ","1668":" ","1669":"c","1670":"i","1671":"t","1672":"i","1673":"e","1674":"s","1675":":","1676":" ","1677":"[","1678":"]","1679":",","1680":"\\","1681":"n","1682":" ","1683":" ","1684":" ","1685":" ","1686":" ","1687":" ","1688":"e","1689":"r","1690":"r","1691":"o","1692":"r","1693":":","1694":" ","1695":"'","1696":"'","1697":",","1698":"\\","1699":"n","1700":" ","1701":" ","1702":" ","1703":" ","1704":"}","1705":"\\","1706":"n","1707":" ","1708":" ","1709":"}","1710":",","1711":"\\","1712":"n","1713":" ","1714":" ","1715":"a","1716":"s","1717":"y","1718":"n","1719":"c","1720":" ","1721":"c","1722":"r","1723":"e","1724":"a","1725":"t","1726":"e","1727":"d","1728":"(","1729":")","1730":" ","1731":"{","1732":"\\","1733":"n","1734":" ","1735":" ","1736":" ","1737":" ","1738":"/","1739":"/","1740":" ","1741":"r","1742":"e","1743":"t","1744":"r","1745":"i","1746":"e","1747":"v","1748":"e","1749":" ","1750":"a","1751":"l","1752":"l","1753":" ","1754":"c","1755":"i","1756":"t","1757":"i","1758":"e","1759":"s","1760":" ","1761":"a","1762":"s","1763":" ","1764":"s","1765":"o","1766":"o","1767":"n","1768":" ","1769":"a","1770":"s","1771":" ","1772":"c","1773":"o","1774":"m","1775":"p","1776":"o","1777":"n","1778":"e","1779":"n","1780":"t","1781":" ","1782":"m","1783":"o","1784":"u","1785":"n","1786":"t","1787":"s","1788":"\\","1789":"n","1790":" ","1791":" ","1792":" ","1793":" ","1794":"t","1795":"r","1796":"y","1797":" ","1798":"{","1799":"\\","1800":"n","1801":" ","1802":" ","1803":" ","1804":" ","1805":" ","1806":" ","1807":"t","1808":"h","1809":"i","1810":"s","1811":".","1812":"c","1813":"i","1814":"t","1815":"i","1816":"e","1817":"s","1818":" ","1819":"=","1820":" ","1821":"a","1822":"w","1823":"a","1824":"i","1825":"t","1826":" ","1827":"C","1828":"i","1829":"t","1830":"i","1831":"e","1832":"s","1833":"S","1834":"e","1835":"r","1836":"v","1837":"i","1838":"c","1839":"e","1840":".","1841":"g","1842":"e","1843":"t","1844":"C","1845":"i","1846":"t","1847":"i","1848":"e","1849":"s","1850":"(","1851":")","1852":"\\","1853":"n","1854":" ","1855":" ","1856":" ","1857":" ","1858":" ","1859":" ","1860":"t","1861":"h","1862":"i","1863":"s","1864":".","1865":"c","1866":"i","1867":"t","1868":"i","1869":"e","1870":"s","1871":" ","1872":"=","1873":" ","1874":"[","1875":".","1876":".","1877":".","1878":"t","1879":"h","1880":"i","1881":"s","1882":".","1883":"c","1884":"i","1885":"t","1886":"i","1887":"e","1888":"s","1889":".","1890":"c","1891":"i","1892":"t","1893":"i","1894":"e","1895":"s","1896":"]","1897":"\\","1898":"n","1899":" ","1900":" ","1901":" ","1902":" ","1903":"}","1904":" ","1905":"c","1906":"a","1907":"t","1908":"c","1909":"h","1910":"(","1911":"e","1912":"r","1913":"r","1914":")","1915":" ","1916":"{","1917":"\\","1918":"n","1919":" ","1920":" ","1921":" ","1922":" ","1923":" ","1924":" ","1925":"t","1926":"h","1927":"i","1928":"s","1929":".","1930":"e","1931":"r","1932":"r","1933":"o","1934":"r","1935":" ","1936":"=","1937":" ","1938":"e","1939":"r","1940":"r","1941":".","1942":"m","1943":"e","1944":"s","1945":"s","1946":"a","1947":"g","1948":"e","1949":"\\","1950":"n","1951":" ","1952":" ","1953":" ","1954":" ","1955":"}","1956":"\\","1957":"n","1958":" ","1959":" ","1960":"}","1961":",","1962":"\\","1963":"n","1964":" ","1965":" ","1966":"m","1967":"e","1968":"t","1969":"h","1970":"o","1971":"d","1972":"s","1973":":","1974":" ","1975":"{","1976":"\\","1977":"n","1978":" ","1979":" ","1980":" ","1981":" ","1982":"/","1983":"/","1984":" ","1985":"r","1986":"e","1987":"t","1988":"r","1989":"i","1990":"e","1991":"v","1992":"e","1993":" ","1994":"f","1995":"i","1996":"l","1997":"t","1998":"e","1999":"r","2000":"e","2001":"d","2002":" ","2003":"c","2004":"i","2005":"t","2006":"i","2007":"e","2008":"s","2009":" ","2010":"w","2011":"h","2012":"e","2013":"n","2014":" ","2015":"u","2016":"s","2017":"e","2018":"r","2019":" ","2020":"s","2021":"u","2022":"b","2023":"m","2024":"i","2025":"t","2026":"s","2027":" ","2028":"a","2029":" ","2030":"f","2031":"o","2032":"r","2033":"m","2034":"\\","2035":"n","2036":" ","2037":" ","2038":" ","2039":" ","2040":"a","2041":"s","2042":"y","2043":"n","2044":"c","2045":" ","2046":"f","2047":"i","2048":"l","2049":"t","2050":"e","2051":"r","2052":"D","2053":"a","2054":"t","2055":"a","2056":"(","2057":"f","2058":"i","2059":"l","2060":"t","2061":"e","2062":"r","2063":"D","2064":"a","2065":"t","2066":"a","2067":")","2068":" ","2069":"{","2070":"\\","2071":"n","2072":" ","2073":" ","2074":" ","2075":" ","2076":" ","2077":" ","2078":"t","2079":"r","2080":"y","2081":" ","2082":"{","2083":"\\","2084":"n","2085":" ","2086":" ","2087":" ","2088":" ","2089":" ","2090":" ","2091":" ","2092":" ","2093":"t","2094":"h","2095":"i","2096":"s","2097":".","2098":"c","2099":"i","2100":"t","2101":"i","2102":"e","2103":"s","2104":" ","2105":"=","2106":" ","2107":"a","2108":"w","2109":"a","2110":"i","2111":"t","2112":" ","2113":"C","2114":"i","2115":"t","2116":"i","2117":"e","2118":"s","2119":"S","2120":"e","2121":"r","2122":"v","2123":"i","2124":"c","2125":"e","2126":".","2127":"g","2128":"e","2129":"t","2130":"F","2131":"i","2132":"l","2133":"t","2134":"e","2135":"r","2136":"e","2137":"d","2138":"C","2139":"i","2140":"t","2141":"i","2142":"e","2143":"s","2144":"(","2145":"f","2146":"i","2147":"l","2148":"t","2149":"e","2150":"r","2151":"D","2152":"a","2153":"t","2154":"a","2155":".","2156":"c","2157":"o","2158":"n","2159":"t","2160":"i","2161":"n","2162":"e","2163":"n","2164":"t","2165":",","2166":"f","2167":"i","2168":"l","2169":"t","2170":"e","2171":"r","2172":"D","2173":"a","2174":"t","2175":"a","2176":".","2177":"c","2178":"o","2179":"u","2180":"n","2181":"t","2182":"r","2183":"y","2184":",","2185":"f","2186":"i","2187":"l","2188":"t","2189":"e","2190":"r","2191":"D","2192":"a","2193":"t","2194":"a","2195":".","2196":"p","2197":"o","2198":"p","2199":"u","2200":"l","2201":"a","2202":"t","2203":"i","2204":"o","2205":"n","2206":"F","2207":"r","2208":"o","2209":"m","2210":",","2211":"f","2212":"i","2213":"l","2214":"t","2215":"e","2216":"r","2217":"D","2218":"a","2219":"t","2220":"a","2221":".","2222":"p","2223":"o","2224":"p","2225":"u","2226":"l","2227":"a","2228":"t","2229":"i","2230":"o","2231":"n","2232":"T","2233":"o","2234":")","2235":"\\","2236":"n","2237":" ","2238":" ","2239":" ","2240":" ","2241":" ","2242":" ","2243":" ","2244":" ","2245":"t","2246":"h","2247":"i","2248":"s","2249":".","2250":"c","2251":"i","2252":"t","2253":"i","2254":"e","2255":"s","2256":" ","2257":"=","2258":" ","2259":"[","2260":".","2261":".","2262":".","2263":"t","2264":"h","2265":"i","2266":"s","2267":".","2268":"c","2269":"i","2270":"t","2271":"i","2272":"e","2273":"s","2274":".","2275":"c","2276":"i","2277":"t","2278":"i","2279":"e","2280":"s","2281":"]","2282":"\\","2283":"n","2284":" ","2285":" ","2286":" ","2287":" ","2288":" ","2289":" ","2290":"}","2291":" ","2292":"c","2293":"a","2294":"t","2295":"c","2296":"h","2297":"(","2298":"e","2299":"r","2300":"r","2301":")","2302":" ","2303":"{","2304":"\\","2305":"n","2306":" ","2307":" ","2308":" ","2309":" ","2310":" ","2311":" ","2312":" ","2313":" ","2314":"t","2315":"h","2316":"i","2317":"s","2318":".","2319":"e","2320":"r","2321":"r","2322":"o","2323":"r","2324":" ","2325":"=","2326":" ","2327":"e","2328":"r","2329":"r","2330":".","2331":"m","2332":"e","2333":"s","2334":"s","2335":"a","2336":"g","2337":"e","2338":"\\","2339":"n","2340":" ","2341":" ","2342":" ","2343":" ","2344":" ","2345":" ","2346":"}","2347":"\\","2348":"n","2349":" ","2350":" ","2351":" ","2352":" ","2353":"}","2354":" ","2355":"\\","2356":"n","2357":" ","2358":" ","2359":"}","2360":"\\","2361":"n","2362":"}","2363":"\\","2364":"n","2365":"<","2366":"/","2367":"s","2368":"c","2369":"r","2370":"i","2371":"p","2372":"t","2373":">","2374":"\\","2375":"n","2376":"\\","2377":"n","2378":"<","2379":"s","2380":"t","2381":"y","2382":"l","2383":"e","2384":" ","2385":"l","2386":"a","2387":"n","2388":"g","2389":"=","2390":"\\","2391":"\"","2392":"s","2393":"c","2394":"s","2395":"s","2396":"\\","2397":"\"","2398":" ","2399":"s","2400":"c","2401":"o","2402":"p","2403":"e","2404":"d","2405":">","2406":"\\","2407":"n","2408":".","2409":"h","2410":"o","2411":"m","2412":"e","2413":" ","2414":"{","2415":"\\","2416":"n","2417":" ","2418":" ","2419":"h","2420":"2","2421":" ","2422":"{","2423":"\\","2424":"n","2425":" ","2426":" ","2427":" ","2428":" ","2429":"t","2430":"e","2431":"x","2432":"t","2433":"-","2434":"a","2435":"l","2436":"i","2437":"g","2438":"n","2439":":","2440":" ","2441":"c","2442":"e","2443":"n","2444":"t","2445":"e","2446":"r","2447":";","2448":"\\","2449":"n","2450":" ","2451":" ","2452":" ","2453":" ","2454":"m","2455":"a","2456":"r","2457":"g","2458":"i","2459":"n","2460":"-","2461":"b","2462":"o","2463":"t","2464":"t","2465":"o","2466":"m","2467":":","2468":" ","2469":"2","2470":"0","2471":"p","2472":"x","2473":";","2474":"\\","2475":"n","2476":" ","2477":" ","2478":" ","2479":" ","2480":"l","2481":"e","2482":"t","2483":"t","2484":"e","2485":"r","2486":"-","2487":"s","2488":"p","2489":"a","2490":"c","2491":"i","2492":"n","2493":"g","2494":":","2495":" ","2496":"0","2497":".","2498":"4","2499":"p","2500":"x","2501":";","2502":"\\","2503":"n","2504":" ","2505":" ","2506":" ","2507":" ","2508":"m","2509":"a","2510":"r","2511":"g","2512":"i","2513":"n","2514":":","2515":" ","2516":"1","2517":"5","2518":"p","2519":"x","2520":" ","2521":"0","2522":" ","2523":"1","2524":"0","2525":"p","2526":"x","2527":" ","2528":"0","2529":";","2530":"\\","2531":"n","2532":" ","2533":" ","2534":" ","2535":" ","2536":"f","2537":"o","2538":"n","2539":"t","2540":"-","2541":"s","2542":"i","2543":"z","2544":"e","2545":":","2546":" ","2547":"2","2548":"8","2549":"p","2550":"x","2551":";","2552":"\\","2553":"n","2554":" ","2555":" ","2556":" ","2557":" ","2558":"c","2559":"o","2560":"l","2561":"o","2562":"r","2563":":","2564":" ","2565":"#","2566":"1","2567":"c","2568":"1","2569":"b","2570":"2","2571":"9","2572":";","2573":"\\","2574":"n","2575":" ","2576":" ","2577":"}","2578":"\\","2579":"n","2580":"}","2581":"\\","2582":"n","2583":"<","2584":"/","2585":"s","2586":"t","2587":"y","2588":"l","2589":"e","2590":">","2591":"\\","2592":"n","2593":"\"","2594":"]","2595":"}"},"_coverageSchema":"1a1c01bbd47fc00a2c39e90264f33305004495a9","hash":"e23b61a040589137cd8aba7c11489fbf7a7c528d"}
}
