TN:
SF:src\App.vue
FN:32,render
FNF:1
FNH:1
FNDA:2,render
DA:4,1
DA:5,1
DA:8,1
DA:25,1
DA:27,1
DA:30,1
DA:31,1
DA:33,2
DA:34,2
DA:35,2
DA:36,1
LF:11
LH:11
BRF:0
BRH:0
end_of_record
TN:
SF:src\CitiesService.js
FN:7,(anonymous_0)
FN:12,(anonymous_1)
FNF:2
FNH:1
FNDA:4,(anonymous_0)
FNDA:0,(anonymous_1)
DA:3,3
DA:8,4
DA:9,4
DA:13,0
DA:14,0
DA:15,0
DA:16,0
DA:18,0
DA:19,0
LF:9
LH:3
BRDA:13,0,0,0
BRDA:13,0,1,0
BRDA:14,1,0,0
BRDA:14,1,1,0
BRDA:15,2,0,0
BRDA:15,2,1,0
BRDA:16,3,0,0
BRDA:16,3,1,0
BRF:8
BRH:0
end_of_record
TN:
SF:src\assets\Sydney.jpg
FNF:0
FNH:0
DA:1,1
LF:1
LH:1
BRF:0
BRH:0
end_of_record
TN:
SF:src\components\Navbar.vue
FN:9,render
FN:15,(anonymous_1)
FN:21,(anonymous_2)
FNF:3
FNH:3
FNDA:2,render
FNDA:3,(anonymous_1)
FNDA:3,(anonymous_2)
DA:3,1
DA:6,1
DA:7,1
DA:8,1
DA:10,2
DA:11,2
DA:15,3
DA:21,3
DA:24,1
LF:9
LH:9
BRF:0
BRH:0
end_of_record
TN:
SF:src\components\CityCards\CityCard.vue
FN:56,render
FN:60,(anonymous_1)
FNF:2
FNH:2
FNDA:1,render
FNDA:3,(anonymous_1)
DA:4,3
DA:7,3
DA:8,3
DA:16,3
DA:18,3
DA:21,3
DA:22,3
DA:23,3
DA:26,3
DA:29,3
DA:30,3
DA:33,3
DA:46,3
DA:49,3
DA:52,3
DA:57,1
DA:61,3
DA:66,3
LF:18
LH:18
BRF:0
BRH:0
end_of_record
TN:
SF:src\components\CityCards\CityCards.vue
FN:38,render
FN:40,(anonymous_1)
FNF:2
FNH:1
FNDA:6,render
FNDA:0,(anonymous_1)
DA:4,2
DA:5,2
DA:8,2
DA:28,2
DA:30,2
DA:33,2
DA:34,2
DA:35,2
DA:39,6
DA:40,6
DA:41,0
DA:47,2
LF:12
LH:11
BRF:0
BRH:0
end_of_record
TN:
SF:src\components\Filters\Autocomplete.vue
FN:15,(anonymous_0)
FN:23,(anonymous_1)
FN:31,(anonymous_2)
FN:38,(anonymous_3)
FN:39,(anonymous_4)
FN:59,render
FN:68,(anonymous_6)
FN:69,(anonymous_7)
FN:73,(anonymous_8)
FN:76,(anonymous_9)
FNF:10
FNH:3
FNDA:10,(anonymous_0)
FNDA:0,(anonymous_1)
FNDA:1,(anonymous_2)
FNDA:0,(anonymous_3)
FNDA:0,(anonymous_4)
FNDA:11,render
FNDA:0,(anonymous_6)
FNDA:0,(anonymous_7)
FNDA:0,(anonymous_8)
FNDA:0,(anonymous_9)
DA:4,4
DA:7,4
DA:8,4
DA:16,10
DA:24,0
DA:25,0
DA:26,0
DA:32,1
DA:33,1
DA:34,1
DA:39,0
DA:45,4
DA:47,4
DA:50,4
DA:51,4
DA:52,4
DA:53,4
DA:54,4
DA:58,4
DA:60,11
DA:68,0
DA:70,0
DA:74,0
DA:76,0
DA:79,4
LF:25
LH:17
BRDA:24,0,0,0
BRDA:24,0,1,0
BRDA:68,1,0,11
BRDA:68,1,1,10
BRDA:69,2,0,11
BRDA:69,2,1,10
BRDA:70,3,0,0
BRDA:70,3,1,0
BRDA:73,4,0,0
BRDA:73,4,1,11
BRDA:73,5,0,11
BRDA:73,5,1,0
BRF:12
BRH:6
end_of_record
TN:
SF:src\components\Filters\Filters.vue
FN:103,render
FN:106,(anonymous_1)
FN:123,(anonymous_2)
FN:129,(anonymous_3)
FNF:4
FNH:1
FNDA:4,render
FNDA:0,(anonymous_1)
FNDA:0,(anonymous_2)
FNDA:0,(anonymous_3)
DA:4,3
DA:5,3
DA:8,3
DA:67,3
DA:69,3
DA:72,3
DA:73,3
DA:74,3
DA:77,3
DA:80,3
DA:83,3
DA:86,3
DA:90,3
DA:97,3
DA:104,4
DA:105,4
DA:107,0
DA:123,0
DA:129,0
DA:132,3
LF:20
LH:17
BRDA:106,0,0,4
BRDA:106,0,1,4
BRDA:107,1,0,0
BRDA:107,1,1,0
BRDA:123,2,0,4
BRDA:123,2,1,4
BRDA:129,3,0,4
BRDA:129,3,1,4
BRF:8
BRH:6
end_of_record
TN:
SF:src\views\AboutView.vue
FN:15,render
FNF:1
FNH:1
FNDA:1,render
DA:3,1
DA:6,1
DA:7,1
DA:8,1
DA:11,1
DA:12,1
DA:13,1
DA:14,1
DA:16,1
DA:17,1
LF:10
LH:10
BRF:0
BRH:0
end_of_record
TN:
SF:src\views\HomeView.vue
FN:83,render
FNF:1
FNH:1
FNDA:6,render
DA:4,2
DA:5,2
DA:8,2
DA:73,2
DA:75,2
DA:78,2
DA:79,2
DA:80,2
DA:84,6
DA:85,6
DA:86,6
DA:91,2
LF:12
LH:12
BRF:0
BRH:0
end_of_record
